DEBUG 2023-09-15 21:14:16,303 - Inicio
DEBUG 2023-09-15 21:14:17,195 - 

UPDATE  bibliographic_production_article p SET jcr=(subquery.jif2019),jcr_link=url_revista
FROM (SELECT jif2019,eissn,url_revista
      FROM  "JCR_novo_link_v1" ) AS subquery
WHERE translate(subquery.eissn,'-','')=p.issn

DEBUG 2023-09-15 21:14:18,107 - 

UPDATE  bibliographic_production_article p SET jcr=(subquery.jif2019),jcr_link=url_revista
FROM (SELECT jif2019,issn,url_revista
      FROM  "JCR_novo_link_v1" ) AS subquery
WHERE translate(subquery.issn,'-','')=p.issn

DEBUG 2023-09-15 21:14:19,686 - 
      UPDATE bibliographic_production SET YEAR_=YEAR::INTEGER
        
DEBUG 2023-09-15 21:14:20,383 -  UPDATE bibliographic_production_article  SET qualis='B2' WHERE issn='26748568' AND issn='2764622'
DEBUG 2023-09-15 21:16:15,369 - 
    INSERT into public.research_dictionary (term,frequency,type_) 
    values('multi','1','ARTICLE');
DEBUG 2023-09-15 21:16:16,058 - 
    INSERT into public.research_dictionary (term,frequency,type_) 
    values('layer','1','ARTICLE');
DEBUG 2023-09-15 21:16:16,749 - 
    INSERT into public.research_dictionary (term,frequency,type_) 
    values('perceptron','1','ARTICLE');
DEBUG 2023-09-15 21:16:17,434 - 
    INSERT into public.research_dictionary (term,frequency,type_) 
    values('model','3','ARTICLE');
DEBUG 2023-09-15 21:16:18,155 - 
    INSERT into public.research_dictionary (term,frequency,type_) 
    values('underwater','2','ARTICLE');
DEBUG 2023-09-15 21:16:18,857 - 
    INSERT into public.research_dictionary (term,frequency,type_) 
    values('object','1','ARTICLE');
DEBUG 2023-09-15 21:16:19,541 - 
    INSERT into public.research_dictionary (term,frequency,type_) 
    values('recognition','1','ARTICLE');
DEBUG 2023-09-15 21:16:20,243 - 
    INSERT into public.research_dictionary (term,frequency,type_) 
    values('aplicação','2','ARTICLE');
DEBUG 2023-09-15 21:16:20,949 - 
    INSERT into public.research_dictionary (term,frequency,type_) 
    values('processamento','1','ARTICLE');
DEBUG 2023-09-15 21:16:21,642 - 
    INSERT into public.research_dictionary (term,frequency,type_) 
    values('digital','2','ARTICLE');
DEBUG 2023-09-15 21:16:22,329 - 
    INSERT into public.research_dictionary (term,frequency,type_) 
    values('imagens','1','ARTICLE');
DEBUG 2023-09-15 21:16:23,023 - 
    INSERT into public.research_dictionary (term,frequency,type_) 
    values('controle','1','ARTICLE');
DEBUG 2023-09-15 21:16:23,702 - 
    INSERT into public.research_dictionary (term,frequency,type_) 
    values('qualidade','1','ARTICLE');
DEBUG 2023-09-15 21:16:24,403 - 
    INSERT into public.research_dictionary (term,frequency,type_) 
    values('etapa','1','ARTICLE');
DEBUG 2023-09-15 21:16:25,097 - 
    INSERT into public.research_dictionary (term,frequency,type_) 
    values('inspeção','1','ARTICLE');
DEBUG 2023-09-15 21:16:25,783 - 
    INSERT into public.research_dictionary (term,frequency,type_) 
    values('visual','1','ARTICLE');
DEBUG 2023-09-15 21:16:26,476 - 
    INSERT into public.research_dictionary (term,frequency,type_) 
    values('processo','1','ARTICLE');
DEBUG 2023-09-15 21:16:27,177 - 
    INSERT into public.research_dictionary (term,frequency,type_) 
    values('fabril','1','ARTICLE');
DEBUG 2023-09-15 21:16:27,908 - 
    INSERT into public.research_dictionary (term,frequency,type_) 
    values('computational','3','ARTICLE');
DEBUG 2023-09-15 21:16:28,601 - 
    INSERT into public.research_dictionary (term,frequency,type_) 
    values('electrical','1','ARTICLE');
DEBUG 2023-09-15 21:16:29,297 - 
    INSERT into public.research_dictionary (term,frequency,type_) 
    values('motors','1','ARTICLE');
DEBUG 2023-09-15 21:16:29,993 - 
    INSERT into public.research_dictionary (term,frequency,type_) 
    values('condition','2','ARTICLE');
DEBUG 2023-09-15 21:16:30,684 - 
    INSERT into public.research_dictionary (term,frequency,type_) 
    values('analysis','3','ARTICLE');
DEBUG 2023-09-15 21:16:31,362 - 
    INSERT into public.research_dictionary (term,frequency,type_) 
    values('monitoring','2','ARTICLE');
DEBUG 2023-09-15 21:16:32,051 - 
    INSERT into public.research_dictionary (term,frequency,type_) 
    values('photovoltaic','2','ARTICLE');
DEBUG 2023-09-15 21:16:32,755 - 
    INSERT into public.research_dictionary (term,frequency,type_) 
    values('solar','1','ARTICLE');
DEBUG 2023-09-15 21:16:33,443 - 
    INSERT into public.research_dictionary (term,frequency,type_) 
    values('energy','1','ARTICLE');
DEBUG 2023-09-15 21:16:34,132 - 
    INSERT into public.research_dictionary (term,frequency,type_) 
    values('forecasting','1','ARTICLE');
DEBUG 2023-09-15 21:16:34,814 - 
    INSERT into public.research_dictionary (term,frequency,type_) 
    values('based','2','ARTICLE');
DEBUG 2023-09-15 21:16:35,502 - 
    INSERT into public.research_dictionary (term,frequency,type_) 
    values('nearest','1','ARTICLE');
DEBUG 2023-09-15 21:16:36,188 - 
    INSERT into public.research_dictionary (term,frequency,type_) 
    values('neighbor','1','ARTICLE');
DEBUG 2023-09-15 21:16:36,873 - 
    INSERT into public.research_dictionary (term,frequency,type_) 
    values('method','1','ARTICLE');
DEBUG 2023-09-15 21:16:37,554 - 
    INSERT into public.research_dictionary (term,frequency,type_) 
    values('computer','2','ARTICLE');
DEBUG 2023-09-15 21:16:38,244 - 
    INSERT into public.research_dictionary (term,frequency,type_) 
    values('system','2','ARTICLE');
DEBUG 2023-09-15 21:16:38,962 - 
    INSERT into public.research_dictionary (term,frequency,type_) 
    values('integrated','1','ARTICLE');
DEBUG 2023-09-15 21:16:39,650 - 
    INSERT into public.research_dictionary (term,frequency,type_) 
    values('models','1','ARTICLE');
DEBUG 2023-09-15 21:16:40,340 - 
    INSERT into public.research_dictionary (term,frequency,type_) 
    values('reconstruction','1','ARTICLE');
DEBUG 2023-09-15 21:16:41,027 - 
    INSERT into public.research_dictionary (term,frequency,type_) 
    values('structures','1','ARTICLE');
DEBUG 2023-09-15 21:16:41,722 - 
    INSERT into public.research_dictionary (term,frequency,type_) 
    values('high','1','ARTICLE');
DEBUG 2023-09-15 21:16:42,409 - 
    INSERT into public.research_dictionary (term,frequency,type_) 
    values('definition','1','ARTICLE');
DEBUG 2023-09-15 21:16:43,111 - 
    INSERT into public.research_dictionary (term,frequency,type_) 
    values('vision','1','ARTICLE');
DEBUG 2023-09-15 21:16:43,822 - 
    INSERT into public.research_dictionary (term,frequency,type_) 
    values('hand','1','ARTICLE');
DEBUG 2023-09-15 21:16:44,503 - 
    INSERT into public.research_dictionary (term,frequency,type_) 
    values('baggage','1','ARTICLE');
DEBUG 2023-09-15 21:16:45,190 - 
    INSERT into public.research_dictionary (term,frequency,type_) 
    values('inspection','1','ARTICLE');
DEBUG 2023-09-15 21:16:45,872 - 
    INSERT into public.research_dictionary (term,frequency,type_) 
    values('developing','2','ARTICLE');
DEBUG 2023-09-15 21:16:46,566 - 
    INSERT into public.research_dictionary (term,frequency,type_) 
    values('humanoid','2','ARTICLE');
DEBUG 2023-09-15 21:16:47,259 - 
    INSERT into public.research_dictionary (term,frequency,type_) 
    values('prototype','2','ARTICLE');
DEBUG 2023-09-15 21:16:47,966 - 
    INSERT into public.research_dictionary (term,frequency,type_) 
    values('printing','2','ARTICLE');
DEBUG 2023-09-15 21:16:48,668 - 
    INSERT into public.research_dictionary (term,frequency,type_) 
    values('new','2','ARTICLE');
DEBUG 2023-09-15 21:16:49,385 - 
    INSERT into public.research_dictionary (term,frequency,type_) 
    values('technologies','2','ARTICLE');
DEBUG 2023-09-15 21:16:50,068 - 
    INSERT into public.research_dictionary (term,frequency,type_) 
    values('eeg','2','ARTICLE');
DEBUG 2023-09-15 21:16:50,764 - 
    INSERT into public.research_dictionary (term,frequency,type_) 
    values('signals','1','ARTICLE');
DEBUG 2023-09-15 21:16:51,448 - 
    INSERT into public.research_dictionary (term,frequency,type_) 
    values('classification','1','ARTICLE');
DEBUG 2023-09-15 21:16:52,135 - 
    INSERT into public.research_dictionary (term,frequency,type_) 
    values('motor','1','ARTICLE');
DEBUG 2023-09-15 21:16:52,834 - 
    INSERT into public.research_dictionary (term,frequency,type_) 
    values('imagery','1','ARTICLE');
DEBUG 2023-09-15 21:16:53,521 - 
    INSERT into public.research_dictionary (term,frequency,type_) 
    values('driving','1','ARTICLE');
DEBUG 2023-09-15 21:16:54,209 - 
    INSERT into public.research_dictionary (term,frequency,type_) 
    values('intelligent','1','ARTICLE');
DEBUG 2023-09-15 21:16:54,908 - 
    INSERT into public.research_dictionary (term,frequency,type_) 
    values('wheelchair','1','ARTICLE');
DEBUG 2023-09-15 21:16:55,600 - 
    INSERT into public.research_dictionary (term,frequency,type_) 
    values('exploratory','1','ARTICLE');
DEBUG 2023-09-15 21:16:56,597 - 
    INSERT into public.research_dictionary (term,frequency,type_) 
    values('real','1','ARTICLE');
DEBUG 2023-09-15 21:16:57,289 - 
    INSERT into public.research_dictionary (term,frequency,type_) 
    values('wind','2','ARTICLE');
DEBUG 2023-09-15 21:16:58,065 - 
    INSERT into public.research_dictionary (term,frequency,type_) 
    values('turbine','1','ARTICLE');
DEBUG 2023-09-15 21:16:58,844 - 
    INSERT into public.research_dictionary (term,frequency,type_) 
    values('dataset','1','ARTICLE');
DEBUG 2023-09-15 21:16:59,549 - 
    INSERT into public.research_dictionary (term,frequency,type_) 
    values('using','2','ARTICLE');
DEBUG 2023-09-15 21:17:00,245 - 
    INSERT into public.research_dictionary (term,frequency,type_) 
    values('tools','1','ARTICLE');
DEBUG 2023-09-15 21:17:00,933 - 
    INSERT into public.research_dictionary (term,frequency,type_) 
    values('cluster','1','ARTICLE');
DEBUG 2023-09-15 21:17:01,610 - 
    INSERT into public.research_dictionary (term,frequency,type_) 
    values('classify','1','ARTICLE');
DEBUG 2023-09-15 21:17:02,300 - 
    INSERT into public.research_dictionary (term,frequency,type_) 
    values('data','1','ARTICLE');
DEBUG 2023-09-15 21:17:02,980 - 
    INSERT into public.research_dictionary (term,frequency,type_) 
    values('fault','1','ARTICLE');
DEBUG 2023-09-15 21:17:03,682 - 
    INSERT into public.research_dictionary (term,frequency,type_) 
    values('detection','1','ARTICLE');
DEBUG 2023-09-15 21:17:04,365 - 
    INSERT into public.research_dictionary (term,frequency,type_) 
    values('development','1','ARTICLE');
DEBUG 2023-09-15 21:17:05,059 - 
    INSERT into public.research_dictionary (term,frequency,type_) 
    values('inserção','1','ARTICLE');
DEBUG 2023-09-15 21:17:05,761 - 
    INSERT into public.research_dictionary (term,frequency,type_) 
    values('célula','1','ARTICLE');
DEBUG 2023-09-15 21:17:06,446 - 
    INSERT into public.research_dictionary (term,frequency,type_) 
    values('robotizada','1','ARTICLE');
DEBUG 2023-09-15 21:17:07,127 - 
    INSERT into public.research_dictionary (term,frequency,type_) 
    values('industria','1','ARTICLE');
DEBUG 2023-09-15 21:17:07,843 - 
    INSERT into public.research_dictionary (term,frequency,type_) 
    values('cerâmica','1','ARTICLE');
DEBUG 2023-09-15 21:17:08,536 - 
    INSERT into public.research_dictionary (term,frequency,type_) 
    values('vermelha','1','ARTICLE');
DEBUG 2023-09-15 21:17:09,238 - 
    INSERT into public.research_dictionary (term,frequency,type_) 
    values('insertion','1','ARTICLE');
DEBUG 2023-09-15 21:17:09,939 - 
    INSERT into public.research_dictionary (term,frequency,type_) 
    values('robot','1','ARTICLE');
DEBUG 2023-09-15 21:17:10,635 - 
    INSERT into public.research_dictionary (term,frequency,type_) 
    values('cell','1','ARTICLE');
DEBUG 2023-09-15 21:17:11,318 - 
    INSERT into public.research_dictionary (term,frequency,type_) 
    values('red','1','ARTICLE');
DEBUG 2023-09-15 21:17:12,006 - 
    INSERT into public.research_dictionary (term,frequency,type_) 
    values('ceramic','1','ARTICLE');
DEBUG 2023-09-15 21:17:12,700 - 
    INSERT into public.research_dictionary (term,frequency,type_) 
    values('industry','1','ARTICLE');
DEBUG 2023-09-15 21:17:13,382 - 
    INSERT into public.research_dictionary (term,frequency,type_) 
    values('mapeamento','2','ARTICLE');
DEBUG 2023-09-15 21:17:14,113 - 
    INSERT into public.research_dictionary (term,frequency,type_) 
    values('ambientes','1','ARTICLE');
DEBUG 2023-09-15 21:17:14,805 - 
    INSERT into public.research_dictionary (term,frequency,type_) 
    values('subaquáticos','1','ARTICLE');
DEBUG 2023-09-15 21:17:15,501 - 
    INSERT into public.research_dictionary (term,frequency,type_) 
    values('sonares','1','ARTICLE');
DEBUG 2023-09-15 21:17:16,191 - 
    INSERT into public.research_dictionary (term,frequency,type_) 
    values('escaneamento','1','ARTICLE');
DEBUG 2023-09-15 21:17:16,888 - 
    INSERT into public.research_dictionary (term,frequency,type_) 
    values('mecânico','1','ARTICLE');
DEBUG 2023-09-15 21:17:17,586 - 
    INSERT into public.research_dictionary (term,frequency,type_) 
    values('usando','1','ARTICLE');
DEBUG 2023-09-15 21:17:18,311 - 
    INSERT into public.research_dictionary (term,frequency,type_) 
    values('plataforma','1','ARTICLE');
DEBUG 2023-09-15 21:17:19,039 - 
    INSERT into public.research_dictionary (term,frequency,type_) 
    values('ros','1','ARTICLE');
DEBUG 2023-09-15 21:17:19,735 - 
    INSERT into public.research_dictionary (term,frequency,type_) 
    values('modelagem','1','ARTICLE');
DEBUG 2023-09-15 21:17:20,417 - 
    INSERT into public.research_dictionary (term,frequency,type_) 
    values('desenvolvimento','1','ARTICLE');
DEBUG 2023-09-15 21:17:21,105 - 
    INSERT into public.research_dictionary (term,frequency,type_) 
    values('análise','1','ARTICLE');
DEBUG 2023-09-15 21:17:21,788 - 
    INSERT into public.research_dictionary (term,frequency,type_) 
    values('manipulador','1','ARTICLE');
DEBUG 2023-09-15 21:17:22,482 - 
    INSERT into public.research_dictionary (term,frequency,type_) 
    values('robótico','1','ARTICLE');
DEBUG 2023-09-15 21:17:23,185 - 
    INSERT into public.research_dictionary (term,frequency,type_) 
    values('graus','1','ARTICLE');
DEBUG 2023-09-15 21:17:23,916 - 
    INSERT into public.research_dictionary (term,frequency,type_) 
    values('liberdade','1','ARTICLE');
DEBUG 2023-09-15 21:17:24,610 - 
    INSERT into public.research_dictionary (term,frequency,type_) 
    values('atividades','1','ARTICLE');
DEBUG 2023-09-15 21:17:25,307 - 
    INSERT into public.research_dictionary (term,frequency,type_) 
    values('alto','1','ARTICLE');
DEBUG 2023-09-15 21:17:25,988 - 
    INSERT into public.research_dictionary (term,frequency,type_) 
    values('risco','1','ARTICLE');
DEBUG 2023-09-15 21:17:26,680 - 
    INSERT into public.research_dictionary (term,frequency,type_) 
    values('modelo','1','ARTICLE');
DEBUG 2023-09-15 21:17:27,365 - 
    INSERT into public.research_dictionary (term,frequency,type_) 
    values('computacional','1','ARTICLE');
DEBUG 2023-09-15 21:17:28,049 - 
    INSERT into public.research_dictionary (term,frequency,type_) 
    values('baseado','1','ARTICLE');
DEBUG 2023-09-15 21:17:28,732 - 
    INSERT into public.research_dictionary (term,frequency,type_) 
    values('interface','1','ARTICLE');
DEBUG 2023-09-15 21:17:29,420 - 
    INSERT into public.research_dictionary (term,frequency,type_) 
    values('cérebro','1','ARTICLE');
DEBUG 2023-09-15 21:17:30,109 - 
    INSERT into public.research_dictionary (term,frequency,type_) 
    values('computador','1','ARTICLE');
DEBUG 2023-09-15 21:17:30,802 - 
    INSERT into public.research_dictionary (term,frequency,type_) 
    values('classificação','1','ARTICLE');
DEBUG 2023-09-15 21:17:31,484 - 
    INSERT into public.research_dictionary (term,frequency,type_) 
    values('sinais','1','ARTICLE');
DEBUG 2023-09-15 21:17:32,181 - 
    INSERT into public.research_dictionary (term,frequency,type_) 
    values('sistema','1','ARTICLE');
DEBUG 2023-09-15 21:17:32,866 - 
    INSERT into public.research_dictionary (term,frequency,type_) 
    values('localização','1','ARTICLE');
DEBUG 2023-09-15 21:17:33,581 - 
    INSERT into public.research_dictionary (term,frequency,type_) 
    values('simultâneos','1','ARTICLE');
DEBUG 2023-09-15 21:17:34,277 - 
    INSERT into public.research_dictionary (term,frequency,type_) 
    values('utilizando','1','ARTICLE');
DEBUG 2023-09-15 21:17:34,978 - 
    INSERT into public.research_dictionary (term,frequency,type_) 
    values('sensor','1','ARTICLE');
DEBUG 2023-09-15 21:17:35,673 - 
    INSERT into public.research_dictionary (term,frequency,type_) 
    values('rgb','1','ARTICLE');
DEBUG 2023-09-15 21:17:36,364 - 
    INSERT into public.research_dictionary (term,frequency,type_) 
    values('robôs','1','ARTICLE');
DEBUG 2023-09-15 21:17:37,063 - 
    INSERT into public.research_dictionary (term,frequency,type_) 
    values('serviço','1','ARTICLE');
DEBUG 2023-09-15 21:17:37,751 - 
    INSERT into public.research_dictionary (term,frequency,type_) 
    values('combined','1','ARTICLE');
DEBUG 2023-09-15 21:17:38,434 - 
    INSERT into public.research_dictionary (term,frequency,type_) 
    values('effects','1','ARTICLE');
DEBUG 2023-09-15 21:17:39,193 - 
    INSERT into public.research_dictionary (term,frequency,type_) 
    values('pitch','1','ARTICLE');
DEBUG 2023-09-15 21:17:39,882 - 
    INSERT into public.research_dictionary (term,frequency,type_) 
    values('angle','1','ARTICLE');
DEBUG 2023-09-15 21:17:40,585 - 
    INSERT into public.research_dictionary (term,frequency,type_) 
    values('rotational','1','ARTICLE');
DEBUG 2023-09-15 21:17:41,269 - 
    INSERT into public.research_dictionary (term,frequency,type_) 
    values('speed','1','ARTICLE');
DEBUG 2023-09-15 21:17:41,957 - 
    INSERT into public.research_dictionary (term,frequency,type_) 
    values('site','1','ARTICLE');
DEBUG 2023-09-15 21:17:42,649 - 
    INSERT into public.research_dictionary (term,frequency,type_) 
    values('distribution','1','ARTICLE');
DEBUG 2023-09-15 21:17:43,341 - 
    INSERT into public.research_dictionary (term,frequency,type_) 
    values('small','1','ARTICLE');
DEBUG 2023-09-15 21:17:44,067 - 
    INSERT into public.research_dictionary (term,frequency,type_) 
    values('hawt','1','ARTICLE');
DEBUG 2023-09-15 21:17:44,763 - 
    INSERT into public.research_dictionary (term,frequency,type_) 
    values('performance','1','ARTICLE');
DEBUG 2023-09-15 21:17:45,449 - 
    INSERT into public.research_dictionary (term,frequency,type_) 
    values('fluid','1','ARTICLE');
DEBUG 2023-09-15 21:17:46,170 - 
    INSERT into public.research_dictionary (term,frequency,type_) 
    values('dynamics','1','ARTICLE');
DEBUG 2023-09-15 21:17:46,857 - 
    INSERT into public.research_dictionary (term,frequency,type_) 
    values('applied','1','ARTICLE');
DEBUG 2023-09-15 21:17:47,556 - 
    INSERT into public.research_dictionary (term,frequency,type_) 
    values('atherosclerosis','1','ARTICLE');
DEBUG 2023-09-15 21:17:48,251 - 
    INSERT into public.research_dictionary (term,frequency,type_) 
    values('hemodynamics','1','ARTICLE');
DEBUG 2023-09-15 21:17:48,949 - 
    INSERT into public.research_dictionary (term,frequency,type_) 
    values('brief','1','ARTICLE');
DEBUG 2023-09-15 21:17:49,634 - 
    INSERT into public.research_dictionary (term,frequency,type_) 
    values('review','1','ARTICLE');
DEBUG 2023-09-15 21:17:50,330 - 
    INSERT into public.research_dictionary (term,frequency,type_) 
    values('double','2','ARTICLE');
DEBUG 2023-09-15 21:17:51,019 - 
    INSERT into public.research_dictionary (term,frequency,type_) 
    values('diffusive','2','ARTICLE');
DEBUG 2023-09-15 21:17:51,708 - 
    INSERT into public.research_dictionary (term,frequency,type_) 
    values('turbulent','2','ARTICLE');
DEBUG 2023-09-15 21:17:52,607 - 
    INSERT into public.research_dictionary (term,frequency,type_) 
    values('natural','2','ARTICLE');
DEBUG 2023-09-15 21:17:53,419 - 
    INSERT into public.research_dictionary (term,frequency,type_) 
    values('convection','2','ARTICLE');
DEBUG 2023-09-15 21:17:54,147 - 
    INSERT into public.research_dictionary (term,frequency,type_) 
    values('porous','2','ARTICLE');
DEBUG 2023-09-15 21:17:54,876 - 
    INSERT into public.research_dictionary (term,frequency,type_) 
    values('square','1','ARTICLE');
DEBUG 2023-09-15 21:17:55,576 - 
    INSERT into public.research_dictionary (term,frequency,type_) 
    values('cavity','1','ARTICLE');
DEBUG 2023-09-15 21:17:56,274 - 
    INSERT into public.research_dictionary (term,frequency,type_) 
    values('opposing','1','ARTICLE');
DEBUG 2023-09-15 21:17:57,035 - 
    INSERT into public.research_dictionary (term,frequency,type_) 
    values('temperature','1','ARTICLE');
DEBUG 2023-09-15 21:17:57,726 - 
    INSERT into public.research_dictionary (term,frequency,type_) 
    values('concentration','1','ARTICLE');
DEBUG 2023-09-15 21:17:58,418 - 
    INSERT into public.research_dictionary (term,frequency,type_) 
    values('gradients','1','ARTICLE');
DEBUG 2023-09-15 21:17:59,105 - 
    INSERT into public.research_dictionary (term,frequency,type_) 
    values('modeling','1','ARTICLE');
DEBUG 2023-09-15 21:17:59,795 - 
    INSERT into public.research_dictionary (term,frequency,type_) 
    values('media','1','ARTICLE');
DEBUG 2023-09-15 21:18:00,480 - 
    INSERT into public.research_dictionary (term,frequency,type_) 
    values('numerical','1','ARTICLE');
DEBUG 2023-09-15 21:18:01,181 - 
    INSERT into public.research_dictionary (term,frequency,type_) 
    values('experimental','1','ARTICLE');
DEBUG 2023-09-15 21:18:01,879 - 
    INSERT into public.research_dictionary (term,frequency,type_) 
    values('analyses','1','ARTICLE');
DEBUG 2023-09-15 21:18:02,568 - 
    INSERT into public.research_dictionary (term,frequency,type_) 
    values('improvement','1','ARTICLE');
DEBUG 2023-09-15 21:18:03,263 - 
    INSERT into public.research_dictionary (term,frequency,type_) 
    values('surface','1','ARTICLE');
DEBUG 2023-09-15 21:18:03,954 - 
    INSERT into public.research_dictionary (term,frequency,type_) 
    values('instant','1','ARTICLE');
DEBUG 2023-09-15 21:18:04,650 - 
    INSERT into public.research_dictionary (term,frequency,type_) 
    values('decontamination','1','ARTICLE');
DEBUG 2023-09-15 21:18:05,334 - 
    INSERT into public.research_dictionary (term,frequency,type_) 
    values('technology','1','ARTICLE');
DEBUG 2023-09-15 21:18:06,017 - 
    INSERT into public.research_dictionary (term,frequency,type_) 
    values('biocidal','1','ARTICLE');
DEBUG 2023-09-15 21:18:06,695 - 
    INSERT into public.research_dictionary (term,frequency,type_) 
    values('agent','1','ARTICLE');
DEBUG 2023-09-15 21:18:07,377 - 
    INSERT into public.research_dictionary (term,frequency,type_) 
    values('dispersion','1','ARTICLE');
DEBUG 2023-09-15 21:18:08,061 - 
    INSERT into public.research_dictionary (term,frequency,type_) 
    values('potential','1','ARTICLE');
DEBUG 2023-09-15 21:18:08,810 - 
    INSERT into public.research_dictionary (term,frequency,type_) 
    values('application','1','ARTICLE');
DEBUG 2023-09-15 21:18:09,508 - 
    INSERT into public.research_dictionary (term,frequency,type_) 
    values('pandemic','1','ARTICLE');
DEBUG 2023-09-15 21:18:10,195 - 
    INSERT into public.research_dictionary (term,frequency,type_) 
    values('redução','1','ARTICLE');
DEBUG 2023-09-15 21:18:10,881 - 
    INSERT into public.research_dictionary (term,frequency,type_) 
    values('consumo','1','ARTICLE');
DEBUG 2023-09-15 21:18:11,577 - 
    INSERT into public.research_dictionary (term,frequency,type_) 
    values('combustível','1','ARTICLE');
DEBUG 2023-09-15 21:18:12,260 - 
    INSERT into public.research_dictionary (term,frequency,type_) 
    values('veículos','1','ARTICLE');
DEBUG 2023-09-15 21:18:12,948 - 
    INSERT into public.research_dictionary (term,frequency,type_) 
    values('carga','1','ARTICLE');
DEBUG 2023-09-15 21:18:13,634 - 
    INSERT into public.research_dictionary (term,frequency,type_) 
    values('rodoviários','1','ARTICLE');
DEBUG 2023-09-15 21:18:14,362 - 
    INSERT into public.research_dictionary (term,frequency,type_) 
    values('abordagem','1','ARTICLE');
DEBUG 2023-09-15 21:18:15,059 - 
    INSERT into public.research_dictionary (term,frequency,type_) 
    values('numérica','1','ARTICLE');
DEBUG 2023-09-15 21:18:15,744 - 
    INSERT into public.research_dictionary (term,frequency,type_) 
    values('analítica','1','ARTICLE');
DEBUG 2023-09-15 21:18:16,430 - 
    INSERT into public.research_dictionary (term,frequency,type_) 
    values('study','1','ARTICLE');
DEBUG 2023-09-15 21:18:17,125 - 
    INSERT into public.research_dictionary (term,frequency,type_) 
    values('dust','1','ARTICLE');
DEBUG 2023-09-15 21:18:17,815 - 
    INSERT into public.research_dictionary (term,frequency,type_) 
    values('particles','1','ARTICLE');
DEBUG 2023-09-15 21:18:18,540 - 
    INSERT into public.research_dictionary (term,frequency,type_) 
    values('dragging','1','ARTICLE');
DEBUG 2023-09-15 21:18:19,228 - 
    INSERT into public.research_dictionary (term,frequency,type_) 
    values('modules','1','ARTICLE');
DEBUG 2023-09-15 21:18:19,907 - 
    INSERT into public.research_dictionary (term,frequency,type_) 
    values('continuous','1','ARTICLE');
DEBUG 2023-09-15 21:18:20,593 - 
    INSERT into public.research_dictionary (term,frequency,type_) 
    values('air','1','ARTICLE');
DEBUG 2023-09-15 21:18:21,293 - 
    INSERT into public.research_dictionary (term,frequency,type_) 
    values('jets','1','ARTICLE');
DEBUG 2023-09-15 21:18:21,984 - 
    INSERT into public.research_dictionary (term,frequency,type_) 
    values('cfd','1','ARTICLE');
