DEBUG 2023-12-20 06:24:38,866 - Inicio
DEBUG 2023-12-20 06:24:38,965 - 

UPDATE bibliographic_production_article ba SET qualis='A4' WHERE ba.issn='17412242'


DEBUG 2023-12-20 06:24:39,182 - 

UPDATE  bibliographic_production_article p SET jcr=(subquery.jif2019),jcr_link=url_revista
FROM (SELECT jif2019,eissn,url_revista
      FROM  "JCR_novo_link_v1" ) AS subquery
WHERE translate(subquery.eissn,'-','')=p.issn

DEBUG 2023-12-20 06:24:39,412 - 

UPDATE  bibliographic_production_article p SET jcr=(subquery.jif2019),jcr_link=url_revista
FROM (SELECT jif2019,issn,url_revista
      FROM  "JCR_novo_link_v1" ) AS subquery
WHERE translate(subquery.issn,'-','')=p.issn

DEBUG 2023-12-20 06:24:40,573 - 
      UPDATE bibliographic_production SET YEAR_=YEAR::INTEGER
        
DEBUG 2023-12-20 06:24:40,675 -  UPDATE bibliographic_production_article  SET qualis='B2' WHERE issn='26748568' OR issn='2764622'
DEBUG 2023-12-20 06:24:40,877 - SELECT distinct  r.id from researcher r  
DEBUG 2023-12-20 06:24:40,878 - Total Pesquisador Article: 0
DEBUG 2023-12-20 06:24:41,111 - Entrei nos artigos pesquisador 00d7f411-76d5-45a3-9600-4a1861a09a9b
DEBUG 2023-12-20 06:25:15,076 - Entrei nos artigos pesquisador 028a7dcd-dfd4-43eb-b3e1-cbb1ec2b1cef
DEBUG 2023-12-20 06:25:36,332 - Entrei nos artigos pesquisador 02e48cb3-51aa-4d78-9229-6e9c0ed7c79c
DEBUG 2023-12-20 06:25:36,444 - Entrei nos artigos pesquisador 030859b4-1a8c-46e8-a9f9-b5ab05ea0474
DEBUG 2023-12-20 06:26:53,010 - Entrei nos artigos pesquisador 0308d7ba-1d5b-4581-a288-0d6f846523f1
DEBUG 2023-12-20 06:27:19,523 - Entrei nos artigos pesquisador 039dbbbd-0a21-49f5-b526-6d3313e7ecea
DEBUG 2023-12-20 06:27:29,075 - Entrei nos artigos pesquisador 040f29bf-6fc5-434c-80db-a5568fd68c6f
DEBUG 2023-12-20 06:27:51,280 - Entrei nos artigos pesquisador 050cf234-249f-47a5-8f07-20a11d3a387a
DEBUG 2023-12-20 06:28:24,048 - Entrei nos artigos pesquisador 05118ad0-bc1f-420b-8729-a0b6ae3949b5
DEBUG 2023-12-20 06:29:30,532 - Entrei nos artigos pesquisador 059d5995-2973-4cbe-bc21-79550e641edb
DEBUG 2023-12-20 06:29:41,094 - Entrei nos artigos pesquisador 05dc24c6-d86d-4a31-8556-2885ba41340d
DEBUG 2023-12-20 06:30:07,589 - Entrei nos artigos pesquisador 063679d8-a7c1-45b7-9f5b-6294a6bbaa50
DEBUG 2023-12-20 06:30:07,706 - Entrei nos artigos pesquisador 06c774be-8d69-4592-a949-84d29651a9ac
DEBUG 2023-12-20 06:30:45,229 - Entrei nos artigos pesquisador 06ec627e-11a8-4ffe-9a11-a3e83044f5ee
DEBUG 2023-12-20 06:30:45,343 - Entrei nos artigos pesquisador 079f7356-59de-4ef2-a2cb-96ea9fd9f766
DEBUG 2023-12-20 06:31:29,925 - Entrei nos artigos pesquisador 0970b032-6af1-4299-a6a3-0ff68423394e
DEBUG 2023-12-20 06:31:47,331 - Entrei nos artigos pesquisador 09845429-3a58-4ef0-81c1-af90ea4c9d4e
DEBUG 2023-12-20 06:31:53,911 - Entrei nos artigos pesquisador 09aee6ce-77bb-44f0-a1ca-abb736a80fd8
DEBUG 2023-12-20 06:32:02,980 - Entrei nos artigos pesquisador 09c7bb82-cc88-4b32-b1f4-d1fa8d36f348
DEBUG 2023-12-20 06:32:36,720 - Entrei nos artigos pesquisador 09cc6639-54e1-4373-af57-3a40f61ce542
DEBUG 2023-12-20 06:33:17,209 - Entrei nos artigos pesquisador 0aa26462-be44-4a79-b4a8-44411fde6ad3
DEBUG 2023-12-20 06:33:43,411 - Entrei nos artigos pesquisador 0b44295f-fc50-44f9-ae95-b7335e6797d0
DEBUG 2023-12-20 06:34:16,743 - Entrei nos artigos pesquisador 0b79ea1b-0a3d-4cc4-a1e2-117749322cda
DEBUG 2023-12-20 06:34:16,863 - Entrei nos artigos pesquisador 0bf3afcb-da2d-4a21-b407-9abe943d7606
DEBUG 2023-12-20 06:34:49,287 - Entrei nos artigos pesquisador 0c04e51a-4635-4d3c-b15d-a9c565ea235e
DEBUG 2023-12-20 06:36:03,002 - Entrei nos artigos pesquisador 0c24e6f7-4259-402c-a473-9cefafcaa7eb
DEBUG 2023-12-20 06:36:03,122 - Entrei nos artigos pesquisador 0c728417-d798-4cef-9ef0-c4a2a7468a86
DEBUG 2023-12-20 06:36:49,281 - Entrei nos artigos pesquisador 0cdf7289-0438-4a0a-9962-faa38c8f2477
DEBUG 2023-12-20 06:37:31,260 - Entrei nos artigos pesquisador 0dc6ce20-88ab-451d-9cd2-8fb7793d1d9f
DEBUG 2023-12-20 06:37:59,548 - Entrei nos artigos pesquisador 0e6343c4-183d-4687-8f2b-598cac0c0bd1
DEBUG 2023-12-20 06:38:28,305 - Entrei nos artigos pesquisador 0f64f991-aff8-4ace-9752-e80039b87eac
DEBUG 2023-12-20 06:38:35,801 - Entrei nos artigos pesquisador 0f681746-0f8d-4f2e-8025-7bf381edec27
DEBUG 2023-12-20 06:40:36,854 - Entrei nos artigos pesquisador 1038eb48-4c3d-4a20-907a-0f8789bc762b
DEBUG 2023-12-20 06:41:05,426 - Entrei nos artigos pesquisador 10c18636-fa2c-493a-81e2-8aeb161f5607
DEBUG 2023-12-20 06:41:23,053 - Entrei nos artigos pesquisador 117563bf-b977-4650-a3b7-9d0ea27469e4
DEBUG 2023-12-20 06:42:09,077 - Entrei nos artigos pesquisador 119d5fa2-d43e-45dd-9a9a-f40a50f3a3c9
DEBUG 2023-12-20 06:44:08,240 - Entrei nos artigos pesquisador 12200eed-33f6-4603-856e-cd8b960a6de7
DEBUG 2023-12-20 06:45:18,190 - Entrei nos artigos pesquisador 12a2fef2-d645-4f55-9fd9-c71819a7087a
DEBUG 2023-12-20 06:45:42,898 - Entrei nos artigos pesquisador 14439d70-6897-4664-bae7-76db79d5f222
DEBUG 2023-12-20 06:46:34,619 - Entrei nos artigos pesquisador 146934ad-4e62-43a7-9907-e07699980b50
DEBUG 2023-12-20 06:46:50,846 - Entrei nos artigos pesquisador 168b4769-d9da-42ad-82a5-fb6a7e1be2e0
DEBUG 2023-12-20 06:47:37,293 - Entrei nos artigos pesquisador 17292edb-8d41-424e-91d8-08f5c4ee21c6
DEBUG 2023-12-20 06:48:17,018 - Entrei nos artigos pesquisador 17c042c7-f15c-457d-8b41-5ed35c4c5273
DEBUG 2023-12-20 06:48:31,062 - Entrei nos artigos pesquisador 17cbd37a-43e8-401c-a0ff-3ef26d3aeb4b
DEBUG 2023-12-20 06:49:36,294 - Entrei nos artigos pesquisador 182fad3b-51ce-42a3-86f5-e6bbfb8861c2
DEBUG 2023-12-20 06:49:36,417 - Entrei nos artigos pesquisador 1864011d-bd30-4bc0-baa1-1d0d0c0c9689
DEBUG 2023-12-20 06:49:43,646 - Entrei nos artigos pesquisador 1871cb1b-daf5-4545-8d2c-be64ff44b303
DEBUG 2023-12-20 06:50:16,028 - Entrei nos artigos pesquisador 187734ae-dad3-419e-9e05-78de1666664e
DEBUG 2023-12-20 06:50:46,328 - Entrei nos artigos pesquisador 1892ad9c-46cc-42d1-8bb8-0bdd99826975
DEBUG 2023-12-20 06:50:46,447 - Entrei nos artigos pesquisador 18b2e713-d568-4afe-b895-21c7c4a9135f
DEBUG 2023-12-20 06:51:15,900 - Entrei nos artigos pesquisador 18bdf57f-4dfd-47ac-9598-b10815e32eae
DEBUG 2023-12-20 06:51:38,340 - Entrei nos artigos pesquisador 191702a7-0734-49d1-9161-69e82525a178
DEBUG 2023-12-20 06:51:46,035 - Entrei nos artigos pesquisador 195ff2b9-d309-4848-90d2-912c20f716ed
DEBUG 2023-12-20 06:52:28,224 - Entrei nos artigos pesquisador 19a4357c-4bca-42a3-9d7a-d3c5545ca489
DEBUG 2023-12-20 06:52:45,412 - Entrei nos artigos pesquisador 19b89716-dbe9-4f97-9a0d-483096ebc088
DEBUG 2023-12-20 06:52:53,622 - Entrei nos artigos pesquisador 19d3d7f8-0493-42a0-a970-9149df9cb6bd
DEBUG 2023-12-20 06:53:01,639 - Entrei nos artigos pesquisador 1a5057fc-5d66-4892-8eec-2505121cc894
DEBUG 2023-12-20 06:53:37,587 - Entrei nos artigos pesquisador 1a624385-62a8-47a6-b29d-58bd0cbf3682
DEBUG 2023-12-20 06:54:01,225 - Entrei nos artigos pesquisador 1ab2caeb-969e-4541-8321-581da89854b3
DEBUG 2023-12-20 06:54:18,827 - Entrei nos artigos pesquisador 1adcadad-380d-4b14-a9fa-9884875489ae
DEBUG 2023-12-20 06:54:30,722 - Entrei nos artigos pesquisador 1c5bb1bb-f824-45e4-bc85-1deec2fb1b07
DEBUG 2023-12-20 06:55:01,816 - Entrei nos artigos pesquisador 1c5fadb5-9dac-4d02-b13e-0157f586d288
DEBUG 2023-12-20 06:57:41,291 - Entrei nos artigos pesquisador 1cf0975e-11d7-4b74-9c7a-953a265a5f5a
DEBUG 2023-12-20 06:58:36,685 - Entrei nos artigos pesquisador 1cf09e7d-efb8-4e7e-bd98-d2464b4d37d5
DEBUG 2023-12-20 07:00:03,167 - Entrei nos artigos pesquisador 1d893be8-d62b-4b3c-bb40-25e60624263f
DEBUG 2023-12-20 07:00:25,538 - Entrei nos artigos pesquisador 1ddf499d-8a33-44ba-8fc8-a1b9b34c66a6
DEBUG 2023-12-20 07:01:24,169 - Entrei nos artigos pesquisador 1e8f84ac-12a4-45b2-94b0-87b4c8d0a4cb
DEBUG 2023-12-20 07:02:33,424 - Entrei nos artigos pesquisador 1ede5d52-22e6-462b-8663-494b6727c830
DEBUG 2023-12-20 07:02:38,038 - Entrei nos artigos pesquisador 1f2cc0ab-e855-49e6-a995-45dc463c0ba8
DEBUG 2023-12-20 07:03:08,261 - Entrei nos artigos pesquisador 1f4d157c-889f-4345-8593-222b09217c1d
DEBUG 2023-12-20 07:03:24,559 - Entrei nos artigos pesquisador 1fa91adc-4262-4759-b776-7275d65280c1
DEBUG 2023-12-20 07:03:31,214 - Entrei nos artigos pesquisador 1ff2d96f-b762-4dc8-8f6f-f434542a1d0b
DEBUG 2023-12-20 07:04:16,509 - Entrei nos artigos pesquisador 204180c1-aefd-46c0-be6c-4122ee0e39c7
DEBUG 2023-12-20 07:04:39,640 - Entrei nos artigos pesquisador 2064517f-a8ff-4d26-b384-07e9465151a4
DEBUG 2023-12-20 07:04:39,758 - Entrei nos artigos pesquisador 20a3cc6f-6f21-48d2-b19b-a5c0d7253f52
DEBUG 2023-12-20 07:06:10,787 - Entrei nos artigos pesquisador 21414019-a346-4ab7-b730-12820e7f9acd
DEBUG 2023-12-20 07:06:23,615 - Entrei nos artigos pesquisador 217cb24f-2280-439c-91fd-47c4fe20fb5b
DEBUG 2023-12-20 07:07:17,923 - Entrei nos artigos pesquisador 223af247-476c-4a06-84f5-bc5719134d36
DEBUG 2023-12-20 07:07:29,453 - Entrei nos artigos pesquisador 224e179d-1fd7-456d-acc3-16f471253c4a
DEBUG 2023-12-20 07:10:03,589 - Entrei nos artigos pesquisador 2293c976-4b3d-4ccf-a4cb-e2872b87837e
DEBUG 2023-12-20 07:10:55,235 - Entrei nos artigos pesquisador 23558777-9f86-4630-9034-11950f2d7b0f
DEBUG 2023-12-20 07:12:15,061 - Entrei nos artigos pesquisador 23ac1a32-e0e8-4a17-a0db-ab81708a5ecf
DEBUG 2023-12-20 07:13:26,032 - Entrei nos artigos pesquisador 249f7d66-7df9-4bdf-96b3-8fb340e4eac1
DEBUG 2023-12-20 07:13:26,147 - Entrei nos artigos pesquisador 24bbdb5c-a311-40b7-a045-b3f26231386f
DEBUG 2023-12-20 07:15:59,705 - Entrei nos artigos pesquisador 2512e881-71ba-4473-b512-6434841cd325
DEBUG 2023-12-20 07:16:55,104 - Entrei nos artigos pesquisador 254ff799-a984-4a4c-8cb9-5c510fd2c597
DEBUG 2023-12-20 07:17:00,139 - Entrei nos artigos pesquisador 25f6b0cc-7d2d-4e1b-af2c-b1dfc04c1cde
DEBUG 2023-12-20 07:17:00,259 - Entrei nos artigos pesquisador 264efd36-90cf-4f2d-8d90-9240fb327b95
DEBUG 2023-12-20 07:17:19,790 - Entrei nos artigos pesquisador 26781f4a-e6bf-4459-9b10-440e96ca7d65
DEBUG 2023-12-20 07:17:32,031 - Entrei nos artigos pesquisador 2700a4c6-714f-4038-9d4f-2d0e3e0c8b0b
DEBUG 2023-12-20 07:17:46,915 - Entrei nos artigos pesquisador 27d92727-7da8-44b9-ba15-61ab2d29fcf0
DEBUG 2023-12-20 07:18:10,813 - Entrei nos artigos pesquisador 2848f5f9-2bf1-4149-b829-dd415c220c09
DEBUG 2023-12-20 07:18:24,525 - Entrei nos artigos pesquisador 29230a21-b39a-4ce6-aef3-4e0e3d7c0649
DEBUG 2023-12-20 07:18:45,338 - Entrei nos artigos pesquisador 29375d8e-6d48-4d43-8896-9c06e75a1072
DEBUG 2023-12-20 07:19:35,721 - Entrei nos artigos pesquisador 29f6817f-64fb-4c60-a2d5-45db4465179c
DEBUG 2023-12-20 07:20:26,785 - Entrei nos artigos pesquisador 2a39ef05-f463-4e90-99ea-28f947dfab30
DEBUG 2023-12-20 07:20:54,782 - Entrei nos artigos pesquisador 2aaf791b-4197-4b86-bd43-88e6d80d3923
DEBUG 2023-12-20 07:21:16,098 - Entrei nos artigos pesquisador 2c0ce334-f913-4339-b48f-c54794d54424
DEBUG 2023-12-20 07:21:40,306 - Entrei nos artigos pesquisador 2c4b5bd1-5ea4-4204-9922-6eb83a6d93aa
DEBUG 2023-12-20 07:21:48,016 - Entrei nos artigos pesquisador 2ca1360d-969e-45ac-be03-f439a190e288
DEBUG 2023-12-20 07:22:26,315 - Total Pesquisador Article: 100
DEBUG 2023-12-20 07:22:26,532 - Entrei nos artigos pesquisador 2ca95018-acf6-48f7-9fc7-c19b19066d5a
DEBUG 2023-12-20 07:23:24,127 - Entrei nos artigos pesquisador 2ce249c5-24f3-4c0f-8289-e3501a6979e8
DEBUG 2023-12-20 07:23:32,797 - Entrei nos artigos pesquisador 2d33cde5-97ff-41a8-98a8-d1dc22824b43
DEBUG 2023-12-20 07:23:56,099 - Entrei nos artigos pesquisador 2d4b858f-6e9f-44eb-987b-6e8d2bb19307
DEBUG 2023-12-20 07:24:07,121 - Entrei nos artigos pesquisador 2d803355-ae95-45e5-955a-027cfba6671e
DEBUG 2023-12-20 07:24:07,236 - Entrei nos artigos pesquisador 2d8a0033-63f3-4372-8f6d-d311e9e4cd5b
DEBUG 2023-12-20 07:25:29,902 - Entrei nos artigos pesquisador 2d8e7fe1-4302-40e1-9b40-9716f42e5ad8
DEBUG 2023-12-20 07:26:21,472 - Entrei nos artigos pesquisador 2da26d5c-81cc-4d94-9b01-3d841bfcbe37
DEBUG 2023-12-20 07:26:22,207 - Entrei nos artigos pesquisador 2db97d40-8b93-4a24-8d62-3110c506468e
DEBUG 2023-12-20 07:28:07,350 - Entrei nos artigos pesquisador 2ef2364d-4e78-490e-a94d-ea152a154308
DEBUG 2023-12-20 07:29:21,978 - Entrei nos artigos pesquisador 2f3e5438-32a1-4757-ac97-e9a780f75a00
DEBUG 2023-12-20 07:29:29,618 - Entrei nos artigos pesquisador 2f806986-9d5b-4953-a5e9-19a91e9d06fb
DEBUG 2023-12-20 07:30:38,226 - Entrei nos artigos pesquisador 30326b22-2c45-43d1-ae70-789b8b6745a3
DEBUG 2023-12-20 07:30:51,181 - Entrei nos artigos pesquisador 31905dfb-ecff-4a37-a029-aaa2a0e18b6d
DEBUG 2023-12-20 07:31:20,700 - Entrei nos artigos pesquisador 31d1605f-9004-479f-880e-eb2c389f9ac3
DEBUG 2023-12-20 07:31:59,931 - Entrei nos artigos pesquisador 32057701-64e2-40d8-8a8a-e6973b8fbb63
DEBUG 2023-12-20 07:32:28,006 - Entrei nos artigos pesquisador 3208897d-b2a0-42a6-9c4d-257f52a22c76
DEBUG 2023-12-20 07:33:54,729 - Entrei nos artigos pesquisador 321f244f-8032-4619-b647-6b62d78a1b1d
DEBUG 2023-12-20 07:34:20,211 - Entrei nos artigos pesquisador 3378497c-1e42-4eff-a9ae-43d606aab9e1
DEBUG 2023-12-20 07:35:00,824 - Entrei nos artigos pesquisador 33ad8bc1-1db4-49c8-987c-14ff06c30c24
DEBUG 2023-12-20 07:35:05,795 - Entrei nos artigos pesquisador 33ea4472-e318-437a-9f42-3c301a738857
DEBUG 2023-12-20 07:35:15,245 - Entrei nos artigos pesquisador 33eb906b-a7ed-4917-904c-4812050f561d
DEBUG 2023-12-20 07:35:15,420 - Entrei nos artigos pesquisador 34374ef8-da24-4d1e-aa99-b062be44930e
DEBUG 2023-12-20 07:35:50,858 - Entrei nos artigos pesquisador 346f5008-f9ff-4ef2-976b-56fc2fe85c3d
DEBUG 2023-12-20 07:37:01,087 - Entrei nos artigos pesquisador 3489ae2d-c415-40fb-b939-ef03ec0bc863
DEBUG 2023-12-20 07:37:01,212 - Entrei nos artigos pesquisador 3533fda3-e302-4282-af84-40052066bc69
DEBUG 2023-12-20 07:37:27,226 - Entrei nos artigos pesquisador 35544cad-64b8-4bbb-8d7b-045e83201c11
DEBUG 2023-12-20 07:39:01,509 - Entrei nos artigos pesquisador 3560180d-3712-4868-9606-8420e3f710c9
DEBUG 2023-12-20 07:39:14,851 - Entrei nos artigos pesquisador 35b27971-0571-4ff9-b70b-8743f6e83902
DEBUG 2023-12-20 07:39:40,770 - Entrei nos artigos pesquisador 35dcfe9f-37e8-4cdb-a3c9-cf59035d7cd7
DEBUG 2023-12-20 07:40:55,253 - Entrei nos artigos pesquisador 3701344b-ee1b-4979-9972-e6e785c049ed
DEBUG 2023-12-20 07:41:59,625 - Entrei nos artigos pesquisador 37d92f90-dcbd-4d17-9c57-5d840278b47e
DEBUG 2023-12-20 07:42:41,708 - Entrei nos artigos pesquisador 37f220ed-b522-4132-9c21-b75471fbd9cc
DEBUG 2023-12-20 07:43:54,620 - Entrei nos artigos pesquisador 386e03e3-4c82-466f-81d8-a1b7e6c1e191
DEBUG 2023-12-20 07:44:06,936 - Entrei nos artigos pesquisador 388a24bd-39b3-4e78-af2d-98dabbde5163
DEBUG 2023-12-20 07:44:07,102 - Entrei nos artigos pesquisador 398db7f2-4707-4629-81c1-f8f327adee54
DEBUG 2023-12-20 07:44:49,840 - Entrei nos artigos pesquisador 39ebb971-1f81-4618-9f5a-3c4298848b9a
DEBUG 2023-12-20 07:44:55,035 - Entrei nos artigos pesquisador 3a83c925-6e7c-4e59-a426-bb870516e535
DEBUG 2023-12-20 07:45:28,098 - Entrei nos artigos pesquisador 3ac8f56d-a8f3-4d50-9e31-452f59ad55b8
DEBUG 2023-12-20 07:45:38,945 - Entrei nos artigos pesquisador 3aca98c4-2743-4c59-9a7a-7d94a0f31b15
DEBUG 2023-12-20 07:45:46,491 - Entrei nos artigos pesquisador 3adca52d-5b69-49c3-9273-3fe1b0ff1fbd
DEBUG 2023-12-20 07:45:46,604 - Entrei nos artigos pesquisador 3c353c3a-4b2f-4763-b028-3855d6c2e728
DEBUG 2023-12-20 07:45:55,304 - Entrei nos artigos pesquisador 3c3662b7-a056-421a-80e4-c1aba9811db3
DEBUG 2023-12-20 07:46:04,643 - Entrei nos artigos pesquisador 3c6e64d4-ee0c-4a29-9bd6-ef3b360c2f72
DEBUG 2023-12-20 07:46:33,351 - Entrei nos artigos pesquisador 3d1702ee-45cb-42be-a366-85e6169cc6c7
DEBUG 2023-12-20 07:46:37,360 - Entrei nos artigos pesquisador 3d388acb-dc2e-4bf6-8f1d-0a9166963296
DEBUG 2023-12-20 07:46:48,289 - Entrei nos artigos pesquisador 3d77e5e9-5fdb-4f6b-9a98-c7c330f17e10
DEBUG 2023-12-20 07:46:56,559 - Entrei nos artigos pesquisador 3d81b03c-1e0a-4e14-b771-b8852a43f83e
DEBUG 2023-12-20 07:47:23,730 - Entrei nos artigos pesquisador 3d9a6910-0a4d-48a9-8219-b47174bd3d83
DEBUG 2023-12-20 07:47:23,868 - Entrei nos artigos pesquisador 3dc76a17-2ea2-48b3-b549-c319f6fbe5ab
DEBUG 2023-12-20 07:48:20,110 - Entrei nos artigos pesquisador 3dd7c7ce-71eb-406e-a258-d8b1cecb2c51
DEBUG 2023-12-20 07:48:29,079 - Entrei nos artigos pesquisador 3eb8aa1f-abd9-4d11-9b0a-ff7ea3b0c50b
DEBUG 2023-12-20 07:48:59,411 - Entrei nos artigos pesquisador 3ed3eaf4-e626-4d40-94b0-7efefc35792a
DEBUG 2023-12-20 07:49:04,052 - Entrei nos artigos pesquisador 3fb23632-ac79-4016-a9bf-0c20c24f2ebe
DEBUG 2023-12-20 07:49:10,622 - Entrei nos artigos pesquisador 3fe3fa77-bac9-4011-8799-371a1072860c
DEBUG 2023-12-20 07:49:49,787 - Entrei nos artigos pesquisador 3fec55ea-32a1-4e34-b142-a99b9c0662da
DEBUG 2023-12-20 07:49:49,907 - Entrei nos artigos pesquisador 4056b5d2-41f4-49eb-8a4a-6c9a106c7e1b
DEBUG 2023-12-20 07:50:24,353 - Entrei nos artigos pesquisador 40bee713-ad71-4cac-a9a4-ae41f3cb4c9b
DEBUG 2023-12-20 07:50:57,004 - Entrei nos artigos pesquisador 40da8c68-6288-480a-bf33-aa36161e54ba
DEBUG 2023-12-20 07:50:57,124 - Entrei nos artigos pesquisador 41f9a8fa-18e1-4b09-a35f-858f4a0b2ff7
DEBUG 2023-12-20 07:51:00,349 - Entrei nos artigos pesquisador 422292b0-fc45-4a40-9288-176ce24f65b1
DEBUG 2023-12-20 07:51:13,035 - Entrei nos artigos pesquisador 42394c01-797a-48a2-b561-f6a61acc2f4c
DEBUG 2023-12-20 07:51:13,176 - Entrei nos artigos pesquisador 424bfc7e-aec4-4306-97af-e818d449af73
DEBUG 2023-12-20 07:51:47,059 - Entrei nos artigos pesquisador 42925a0a-b987-4bc7-a449-e112f8f028e6
DEBUG 2023-12-20 07:52:52,052 - Entrei nos artigos pesquisador 43ad700f-4942-4291-91be-e6bbb58cb718
DEBUG 2023-12-20 07:53:44,438 - Entrei nos artigos pesquisador 4489b5a1-5e67-4cb6-a93a-114d4cae1b8a
DEBUG 2023-12-20 07:54:03,260 - Entrei nos artigos pesquisador 44e40407-323a-4381-b1e5-e17b581e3dd8
DEBUG 2023-12-20 07:54:11,974 - Entrei nos artigos pesquisador 4538044d-44d8-4621-870c-a969531fe92a
DEBUG 2023-12-20 07:55:01,139 - Entrei nos artigos pesquisador 45ac5383-e7dc-4537-b623-c01a372fc3f3
DEBUG 2023-12-20 07:55:19,111 - Entrei nos artigos pesquisador 45ba353a-e3b7-48f6-a0f3-491f71f2c91c
DEBUG 2023-12-20 07:55:41,034 - Entrei nos artigos pesquisador 45d242aa-4816-4149-9207-4f2b1965e912
DEBUG 2023-12-20 07:55:56,495 - Entrei nos artigos pesquisador 45ed7a30-d753-4a75-b23f-0554d74fd357
DEBUG 2023-12-20 07:56:06,095 - Entrei nos artigos pesquisador 4600471d-e329-4fb0-b57f-c37294c09780
DEBUG 2023-12-20 07:56:34,472 - Entrei nos artigos pesquisador 4655ea8f-66df-4e9c-a82c-8351ac660828
DEBUG 2023-12-20 07:57:22,635 - Entrei nos artigos pesquisador 4769dbad-da16-410f-ac30-6e11870b5e69
DEBUG 2023-12-20 07:57:34,201 - Entrei nos artigos pesquisador 47c25fd8-c879-4a05-8ded-263ceb65ac35
DEBUG 2023-12-20 07:58:18,545 - Entrei nos artigos pesquisador 490a62ff-d9f3-47ca-aff1-336f0ae8cfd5
DEBUG 2023-12-20 07:58:44,868 - Entrei nos artigos pesquisador 493341d3-ebc2-471c-b318-fa2c62152b26
DEBUG 2023-12-20 08:01:22,701 - Entrei nos artigos pesquisador 49d5fbf3-3ff4-463d-a244-c64b49fa5533
DEBUG 2023-12-20 08:01:28,783 - Entrei nos artigos pesquisador 49dcc2e8-7b99-4b79-a8ca-df56020f7c15
DEBUG 2023-12-20 08:02:39,080 - Entrei nos artigos pesquisador 4a50aacc-7f63-445b-ae3f-dc836e3230d5
DEBUG 2023-12-20 08:03:23,587 - Entrei nos artigos pesquisador 4aef3565-76e9-4241-a562-652be93059d8
DEBUG 2023-12-20 08:05:29,169 - Entrei nos artigos pesquisador 4b3c9ae9-0d28-4b5e-915e-ccbeb1141277
DEBUG 2023-12-20 08:05:49,702 - Entrei nos artigos pesquisador 4b54dfa7-c6eb-4712-b229-b0d18ad88b64
DEBUG 2023-12-20 08:06:47,128 - Entrei nos artigos pesquisador 4b78324d-46ca-465c-8bb1-9b21e6a08fdd
DEBUG 2023-12-20 08:06:47,243 - Entrei nos artigos pesquisador 4ba0b220-4551-4dc9-97c4-46801d9a9cd8
DEBUG 2023-12-20 08:06:47,358 - Entrei nos artigos pesquisador 4c347219-357b-41d4-a1ba-1bb4a245e324
DEBUG 2023-12-20 08:08:02,662 - Entrei nos artigos pesquisador 4cb09664-b6a4-458d-973a-be464a5177c4
DEBUG 2023-12-20 08:08:06,250 - Entrei nos artigos pesquisador 4cf8055b-a3c9-4945-93ae-912a8dd339af
DEBUG 2023-12-20 08:08:18,888 - Entrei nos artigos pesquisador 4d9a1147-fee3-43a6-a8c0-6aff7adfbc19
DEBUG 2023-12-20 08:08:48,338 - Entrei nos artigos pesquisador 4dcc3f41-fd19-4cb6-b69c-fa8208d864b0
DEBUG 2023-12-20 08:09:19,715 - Entrei nos artigos pesquisador 4e14f543-d5ab-47ce-b37b-2274c977bbdc
DEBUG 2023-12-20 08:09:40,303 - Entrei nos artigos pesquisador 4e198e3f-76aa-496d-879e-aceffe0e8d1e
DEBUG 2023-12-20 08:10:15,160 - Entrei nos artigos pesquisador 4e681d1b-3da2-4c84-bb58-d23d939751bb
DEBUG 2023-12-20 08:10:38,867 - Entrei nos artigos pesquisador 4e71a1c9-5205-4150-bf43-a3b62f9253bc
DEBUG 2023-12-20 08:11:37,133 - Entrei nos artigos pesquisador 4e8b7fd0-be7b-4c2a-b497-ff35f48a8942
DEBUG 2023-12-20 08:12:08,005 - Entrei nos artigos pesquisador 4f01530f-7dbd-4fff-93a2-ad1eb5a88cdf
DEBUG 2023-12-20 08:12:44,742 - Entrei nos artigos pesquisador 4f4d2484-34ca-4305-a310-a02426bfb0a0
DEBUG 2023-12-20 08:13:35,511 - Entrei nos artigos pesquisador 4fc56ada-58d6-4d01-aa25-eb32801c5c8e
DEBUG 2023-12-20 08:16:00,434 - Entrei nos artigos pesquisador 4fe960ac-de4a-4915-8a0b-1fd523d9b731
DEBUG 2023-12-20 08:16:00,439 - Total Pesquisador Article: 200
DEBUG 2023-12-20 08:16:00,594 - Entrei nos artigos pesquisador 5109f4d7-b494-461d-922b-455b55e52b59
DEBUG 2023-12-20 08:16:30,921 - Entrei nos artigos pesquisador 514a0710-4e69-476f-8f9f-665e467e0f08
DEBUG 2023-12-20 08:16:54,427 - Entrei nos artigos pesquisador 518d4c2e-777f-4276-86b0-7e41bdb5ed22
DEBUG 2023-12-20 08:18:27,301 - Entrei nos artigos pesquisador 51933ce1-987f-469f-bb96-808d5e023e42
DEBUG 2023-12-20 08:18:27,421 - Entrei nos artigos pesquisador 51b84250-51ff-4d64-84f8-a7f664d7fd76
DEBUG 2023-12-20 08:18:41,045 - Entrei nos artigos pesquisador 5236133e-400d-4018-987f-7c5e424cfcb9
DEBUG 2023-12-20 08:19:10,453 - Entrei nos artigos pesquisador 52448b91-6819-43af-bec0-19f8b7172498
DEBUG 2023-12-20 08:19:11,186 - Entrei nos artigos pesquisador 527de844-2ca2-428f-a789-7f6e8dda4d50
DEBUG 2023-12-20 08:20:48,834 - Entrei nos artigos pesquisador 52a575ab-0291-437c-84fc-74ee74316ab1
DEBUG 2023-12-20 08:24:05,700 - Entrei nos artigos pesquisador 550c7d3c-4adb-4905-8542-eca69badd856
DEBUG 2023-12-20 08:24:34,583 - Entrei nos artigos pesquisador 55259450-ec37-45be-ae9c-85ee87fdd038
DEBUG 2023-12-20 08:25:44,129 - Entrei nos artigos pesquisador 55fb7736-618c-4c3b-840f-6d6d932fb91d
DEBUG 2023-12-20 08:26:05,894 - Entrei nos artigos pesquisador 5659d9d2-1f9d-4777-9422-1582ff874d51
DEBUG 2023-12-20 08:26:06,009 - Entrei nos artigos pesquisador 578196de-5c52-4cf9-88a1-666cc60d5d93
DEBUG 2023-12-20 08:26:22,056 - Entrei nos artigos pesquisador 5801e855-9ffc-49d3-9960-5420e2847b04
DEBUG 2023-12-20 08:27:00,292 - Entrei nos artigos pesquisador 581d2be0-1b6d-4215-9f6e-dc19a7792963
DEBUG 2023-12-20 08:28:07,880 - Entrei nos artigos pesquisador 589c964e-1f97-456d-9826-b838d4169e6a
DEBUG 2023-12-20 08:28:43,389 - Entrei nos artigos pesquisador 5939b2b6-215b-4c8a-bfcb-54e30f6052cb
DEBUG 2023-12-20 08:28:51,115 - Entrei nos artigos pesquisador 593b1a86-2a15-4693-8601-34f9673cc607
DEBUG 2023-12-20 08:29:27,153 - Entrei nos artigos pesquisador 5a5c2e86-3706-4ada-b152-f2e7c7744b7c
DEBUG 2023-12-20 08:31:13,202 - Entrei nos artigos pesquisador 5a6c3078-052e-41be-9bca-5a7ab6d3b1e4
DEBUG 2023-12-20 08:31:30,869 - Entrei nos artigos pesquisador 5a8d607d-01c8-411c-8223-8184515742a4
DEBUG 2023-12-20 08:31:51,174 - Entrei nos artigos pesquisador 5bbc4fca-be20-4410-b456-924722fa43b0
DEBUG 2023-12-20 08:32:55,073 - Entrei nos artigos pesquisador 5c4ff0f6-1dcd-48d5-baeb-6fc0ca64f06c
DEBUG 2023-12-20 08:33:21,643 - Entrei nos artigos pesquisador 5c7d202b-8cd3-4f5c-bddc-c7437c622b75
DEBUG 2023-12-20 08:34:06,600 - Entrei nos artigos pesquisador 5cc12eda-2a47-45cb-8bd7-7275f3f23787
DEBUG 2023-12-20 08:34:40,109 - Entrei nos artigos pesquisador 5d01cd09-b6c6-4068-aa60-81c591696634
DEBUG 2023-12-20 08:35:03,600 - Entrei nos artigos pesquisador 5d2fb598-f444-4ed8-a74f-a73e33032415
DEBUG 2023-12-20 08:35:16,365 - Entrei nos artigos pesquisador 5d3ffa0e-ddba-49c4-a676-9de72b2311d4
DEBUG 2023-12-20 08:35:16,492 - Entrei nos artigos pesquisador 5d66f31a-4d85-47cb-88a0-ef5a077a1c1d
DEBUG 2023-12-20 08:36:00,142 - Entrei nos artigos pesquisador 5dd6e4ef-adaf-4151-814f-4835a85b5a19
DEBUG 2023-12-20 08:36:19,640 - Entrei nos artigos pesquisador 5e3594aa-5e8f-4f81-9a1a-33be4e3e751e
DEBUG 2023-12-20 08:36:42,244 - Entrei nos artigos pesquisador 5e5afd1c-311a-4295-8502-2aab84839bf6
DEBUG 2023-12-20 08:36:45,382 - Entrei nos artigos pesquisador 5ec1c1be-3fe8-4f08-af6c-f1db0e3e5c23
DEBUG 2023-12-20 08:37:05,190 - Entrei nos artigos pesquisador 5f32629a-bce2-463d-81ec-947200bbe2df
DEBUG 2023-12-20 08:37:20,622 - Entrei nos artigos pesquisador 5f706915-65c8-4e50-9f08-f0528e6a7e12
DEBUG 2023-12-20 08:39:21,957 - Entrei nos artigos pesquisador 5fb80a3a-d7ab-42e9-93d9-882eb902d590
DEBUG 2023-12-20 08:39:47,597 - Entrei nos artigos pesquisador 613f518d-69fa-4641-b205-e75c7fa3f288
DEBUG 2023-12-20 08:39:58,645 - Entrei nos artigos pesquisador 61aa247c-072a-4481-86a4-e1d90f586b90
DEBUG 2023-12-20 08:40:19,713 - Entrei nos artigos pesquisador 61c16f99-2160-4920-acca-24faaebdd3f9
DEBUG 2023-12-20 08:44:36,479 - Entrei nos artigos pesquisador 622f1c4d-f841-4f0e-85d7-27c80c88cef8
DEBUG 2023-12-20 08:44:50,638 - Entrei nos artigos pesquisador 627f92d6-7f54-4231-a294-f39a24b07f2c
DEBUG 2023-12-20 08:45:04,995 - Entrei nos artigos pesquisador 62c083b2-f126-44bb-b58a-708f42c4f407
DEBUG 2023-12-20 08:45:15,144 - Entrei nos artigos pesquisador 63831161-bdaf-490b-bfa8-9c222d0f0782
DEBUG 2023-12-20 08:45:29,699 - Entrei nos artigos pesquisador 6589f370-cc9c-408d-bfe5-f2cc0fc75045
DEBUG 2023-12-20 08:46:45,048 - Entrei nos artigos pesquisador 662c21db-9fc8-4bfb-8424-c2e5c7a7b233
DEBUG 2023-12-20 08:47:08,103 - Entrei nos artigos pesquisador 664e1dd4-17d1-46b5-a80c-8717c0545c4b
DEBUG 2023-12-20 08:47:29,176 - Entrei nos artigos pesquisador 667009fb-6c6c-46c0-9084-014dcd2bd1aa
DEBUG 2023-12-20 08:47:40,492 - Entrei nos artigos pesquisador 6720e7bb-2b44-4f00-b446-d920a9c613f5
DEBUG 2023-12-20 08:48:18,654 - Entrei nos artigos pesquisador 681edd7c-5c29-4140-8054-41d05e617b46
DEBUG 2023-12-20 08:48:43,280 - Entrei nos artigos pesquisador 694d2ea2-6333-4c18-9f31-48ab8d987be0
DEBUG 2023-12-20 08:50:14,521 - Entrei nos artigos pesquisador 6a604f2d-52fd-4058-a8ea-a6c1c9bf44ac
DEBUG 2023-12-20 08:50:43,701 - Entrei nos artigos pesquisador 6a645d8c-c264-4556-adae-54e91239ee51
DEBUG 2023-12-20 08:51:27,116 - Entrei nos artigos pesquisador 6a8e0526-dbc5-40ed-a71f-bab5ad921347
DEBUG 2023-12-20 08:52:02,257 - Entrei nos artigos pesquisador 6ae1a079-cee1-4c38-90df-22ccac552547
DEBUG 2023-12-20 08:52:21,630 - Entrei nos artigos pesquisador 6b6d0653-0be1-4fd4-af1a-73ee3226c5ca
DEBUG 2023-12-20 08:53:56,912 - Entrei nos artigos pesquisador 6b9c57fc-433e-478f-918a-d116572bf6ff
DEBUG 2023-12-20 08:54:00,543 - Entrei nos artigos pesquisador 6cdae827-f867-48d5-801c-9cd5572afa96
DEBUG 2023-12-20 08:54:19,724 - Entrei nos artigos pesquisador 6d9dea47-ce09-4c89-97a1-e05d151bfcef
DEBUG 2023-12-20 08:57:21,841 - Entrei nos artigos pesquisador 6de9cf1f-eb57-4421-b029-212df912fc23
DEBUG 2023-12-20 08:57:49,727 - Entrei nos artigos pesquisador 6e77ec2c-5036-4f27-8b13-4218b71dbb0c
DEBUG 2023-12-20 08:57:49,846 - Entrei nos artigos pesquisador 6f5fd510-d57d-45dc-843a-b57bc64756b1
DEBUG 2023-12-20 08:58:05,061 - Entrei nos artigos pesquisador 701d6929-372a-4b6f-acbb-d87fd7e0580e
DEBUG 2023-12-20 08:58:34,190 - Entrei nos artigos pesquisador 70a8e349-dadf-4d89-917d-960c69579ec4
DEBUG 2023-12-20 08:58:52,756 - Entrei nos artigos pesquisador 70b5328a-4cd4-403b-8ba2-72eca86c1999
DEBUG 2023-12-20 08:59:06,129 - Entrei nos artigos pesquisador 72085d05-6a4a-4597-a374-3a519d3e7e7e
DEBUG 2023-12-20 08:59:22,517 - Entrei nos artigos pesquisador 72987c4a-b697-4fff-a173-3bad2d8e6cfa
DEBUG 2023-12-20 09:00:51,335 - Entrei nos artigos pesquisador 72bfa1bd-8fc3-4745-b691-ebefa8ffef70
DEBUG 2023-12-20 09:01:24,235 - Entrei nos artigos pesquisador 73d6a216-02e3-4071-94f0-053c50d09175
DEBUG 2023-12-20 09:01:34,684 - Entrei nos artigos pesquisador 747a82a3-ba38-4960-a896-9cc43dbc5948
DEBUG 2023-12-20 09:01:55,116 - Entrei nos artigos pesquisador 74a3d39c-32ac-47f7-936f-16526db8b98e
DEBUG 2023-12-20 09:02:29,877 - Entrei nos artigos pesquisador 74a772a2-6a0b-48c2-9b2d-982908a98edd
DEBUG 2023-12-20 09:08:49,873 - Entrei nos artigos pesquisador 74d14ed0-a203-4acf-b51c-65e4b7328a23
DEBUG 2023-12-20 09:08:58,649 - Entrei nos artigos pesquisador 757940fc-d8b9-4871-9d1f-cecbb341789a
DEBUG 2023-12-20 09:09:50,526 - Entrei nos artigos pesquisador 75c952bc-1816-4cc3-874a-6fce252837c4
DEBUG 2023-12-20 09:10:31,163 - Entrei nos artigos pesquisador 75f42b67-5ef9-4179-b9d6-f623085c046b
DEBUG 2023-12-20 09:10:59,774 - Entrei nos artigos pesquisador 766b449e-bac5-4cad-b1cb-9360619e97e5
DEBUG 2023-12-20 09:11:23,169 - Entrei nos artigos pesquisador 76a2b1ab-a7a1-45b6-abab-8c3e2a1bf309
DEBUG 2023-12-20 09:11:36,740 - Entrei nos artigos pesquisador 76e9dfba-25af-432e-89af-7ae7489bcf03
DEBUG 2023-12-20 09:11:38,714 - Entrei nos artigos pesquisador 7761847a-55f7-472f-b5b9-83720bf648a4
DEBUG 2023-12-20 09:12:03,589 - Entrei nos artigos pesquisador 782f8d2f-e32a-4f11-aa0a-28f5781193e0
DEBUG 2023-12-20 09:12:50,247 - Entrei nos artigos pesquisador 784a5529-d38d-474a-a240-52e8ac834f03
DEBUG 2023-12-20 09:12:55,036 - Entrei nos artigos pesquisador 78513320-bf10-4b98-9951-321efa7f1fc8
DEBUG 2023-12-20 09:13:07,022 - Entrei nos artigos pesquisador 788c0901-c9c2-4e7a-b350-738df9df14cd
DEBUG 2023-12-20 09:14:01,040 - Entrei nos artigos pesquisador 78a759f1-fa7f-47c5-b6b4-8d8f6f98abdc
DEBUG 2023-12-20 09:14:01,161 - Entrei nos artigos pesquisador 79041a51-2b15-44c9-ae2c-e98520533eee
DEBUG 2023-12-20 09:14:15,605 - Entrei nos artigos pesquisador 79b1cd9d-6e91-46aa-a3f1-ad69b4f6d60a
DEBUG 2023-12-20 09:14:59,920 - Entrei nos artigos pesquisador 79dee206-fd93-41bf-9915-4fd1afb29125
DEBUG 2023-12-20 09:15:12,617 - Entrei nos artigos pesquisador 79e70b65-a072-4b6b-bc29-c2c48c8038f2
DEBUG 2023-12-20 09:15:43,158 - Entrei nos artigos pesquisador 79f57a90-b8bf-4b4c-a9b5-fbf262cd92c9
DEBUG 2023-12-20 09:15:59,088 - Entrei nos artigos pesquisador 7a20d624-f021-4344-b5d5-712a08e63916
DEBUG 2023-12-20 09:18:20,836 - Entrei nos artigos pesquisador 7a2f10ed-0004-4b16-a268-f6bbb3c9cb67
DEBUG 2023-12-20 09:18:31,262 - Entrei nos artigos pesquisador 7a3d1239-d05b-484d-a2de-e99ca7749d59
DEBUG 2023-12-20 09:18:31,384 - Entrei nos artigos pesquisador 7a70e6e5-ef9e-4617-9479-8ec518407912
DEBUG 2023-12-20 09:19:46,819 - Entrei nos artigos pesquisador 7aaab058-b1ed-4b01-9a9f-2bc7120e51c6
DEBUG 2023-12-20 09:19:57,926 - Entrei nos artigos pesquisador 7b9a7d80-0f30-4072-a405-6de89bc4f589
DEBUG 2023-12-20 09:20:09,151 - Entrei nos artigos pesquisador 7bdb15bc-3b76-4f26-b1ab-7eebd78fb998
DEBUG 2023-12-20 09:21:12,313 - Entrei nos artigos pesquisador 7c1d6da1-a525-4ded-9f1c-bf268d454674
DEBUG 2023-12-20 09:21:37,839 - Entrei nos artigos pesquisador 7cfab0dd-64d8-49fc-890f-aecd7ec35bd3
DEBUG 2023-12-20 09:21:37,969 - Entrei nos artigos pesquisador 7d018ae3-1e10-4192-bb78-b9c7a688d302
DEBUG 2023-12-20 09:22:28,643 - Total Pesquisador Article: 300
DEBUG 2023-12-20 09:22:28,771 - Entrei nos artigos pesquisador 7d1118d5-f671-4d55-89d4-9e671521878f
DEBUG 2023-12-20 09:22:28,886 - Entrei nos artigos pesquisador 7d2903af-30ad-444c-ba32-764ca3775c15
DEBUG 2023-12-20 09:23:07,531 - Entrei nos artigos pesquisador 7d587523-0d72-484a-a9bb-11ff313549ee
DEBUG 2023-12-20 09:23:33,911 - Entrei nos artigos pesquisador 7f83b0b7-2878-43ac-a1b1-64c540c60e42
DEBUG 2023-12-20 09:23:41,254 - Entrei nos artigos pesquisador 7fc1639b-6fa9-4a95-bbc3-822cea28243f
DEBUG 2023-12-20 09:23:46,911 - Entrei nos artigos pesquisador 8014ecb3-8a14-4d69-ad3c-f0475c016f60
DEBUG 2023-12-20 09:23:47,032 - Entrei nos artigos pesquisador 8069ceae-62b9-478c-beb0-aaa3f4abac50
DEBUG 2023-12-20 09:24:14,138 - Entrei nos artigos pesquisador 80e011bd-f6a5-4864-8e2d-ac9819e026eb
DEBUG 2023-12-20 09:24:38,445 - Entrei nos artigos pesquisador 80f3b3a5-bf98-4e73-b6ae-19a868e2f7cb
DEBUG 2023-12-20 09:24:51,362 - Entrei nos artigos pesquisador 81503fcf-6805-4104-8dcb-e286c1447c69
DEBUG 2023-12-20 09:26:26,509 - Entrei nos artigos pesquisador 8165cfef-0bf8-4bdd-9302-bb47bcf218b7
DEBUG 2023-12-20 09:26:44,303 - Entrei nos artigos pesquisador 817e919a-dc60-4418-8b4c-a09e797ae67d
DEBUG 2023-12-20 09:27:10,902 - Entrei nos artigos pesquisador 818b5c3f-f10b-4fc1-8d2b-5fa1f0d52add
DEBUG 2023-12-20 09:27:23,167 - Entrei nos artigos pesquisador 82365ec5-9046-40c8-8cc2-37945d4dfa1c
DEBUG 2023-12-20 09:27:50,245 - Entrei nos artigos pesquisador 827c651d-16c5-4571-980e-bfe55135ca69
DEBUG 2023-12-20 09:27:58,762 - Entrei nos artigos pesquisador 831946ca-e2fd-4a02-ae0f-2f03c0ef47c3
DEBUG 2023-12-20 09:28:14,726 - Entrei nos artigos pesquisador 83540b49-d994-4f85-bcc5-4514a5bf5e38
DEBUG 2023-12-20 09:28:14,863 - Entrei nos artigos pesquisador 83735216-3325-4242-8817-4bb1ae37921d
DEBUG 2023-12-20 09:28:14,982 - Entrei nos artigos pesquisador 838463ca-4a95-43dd-8f5d-fcfbf8f03465
DEBUG 2023-12-20 09:28:15,104 - Entrei nos artigos pesquisador 838e4579-76a1-4d79-9145-97722b81562d
DEBUG 2023-12-20 09:30:25,010 - Entrei nos artigos pesquisador 83aca2df-aba4-494f-80de-73b909eadd07
DEBUG 2023-12-20 09:30:41,670 - Entrei nos artigos pesquisador 83b3b75d-f0e7-4b76-a1f7-1e8a463830d6
DEBUG 2023-12-20 09:30:53,276 - Entrei nos artigos pesquisador 83e101e3-f281-4bcc-9fea-f17475b84fee
DEBUG 2023-12-20 09:31:21,424 - Entrei nos artigos pesquisador 83e4622c-7372-4d97-8973-38c56be66fb2
DEBUG 2023-12-20 09:31:50,313 - Entrei nos artigos pesquisador 840f2414-eaa8-4839-84ac-ca3b929518f0
DEBUG 2023-12-20 09:32:34,828 - Entrei nos artigos pesquisador 842724de-a175-422c-8181-2f143d97704b
DEBUG 2023-12-20 09:33:10,200 - Entrei nos artigos pesquisador 848bbe13-0076-435d-b80e-2762c4d548bc
DEBUG 2023-12-20 09:33:20,029 - Entrei nos artigos pesquisador 86f22315-ec6c-45cf-83a4-b88292e93008
DEBUG 2023-12-20 09:33:29,312 - Entrei nos artigos pesquisador 875164b5-e0ee-4ed0-a5b1-0558be7fe669
DEBUG 2023-12-20 09:34:27,653 - Entrei nos artigos pesquisador 87609d80-a080-4857-99e1-0ac9adb369b2
DEBUG 2023-12-20 09:34:41,152 - Entrei nos artigos pesquisador 87788c29-a3c0-4bd3-a39f-c68d54ec6a5b
DEBUG 2023-12-20 09:35:13,433 - Entrei nos artigos pesquisador 87802a1e-f58a-41a7-94e4-3b378a0d8274
DEBUG 2023-12-20 09:36:30,043 - Entrei nos artigos pesquisador 887515e0-73dd-4656-9d6f-3e71c23d8a52
DEBUG 2023-12-20 09:36:30,169 - Entrei nos artigos pesquisador 898aed8e-3b61-4ea5-8849-719306dc1125
DEBUG 2023-12-20 09:36:54,774 - Entrei nos artigos pesquisador 89e23302-61ea-4f84-bc0b-d2909d8ffee8
DEBUG 2023-12-20 09:36:54,890 - Entrei nos artigos pesquisador 8a81f2cd-9083-4e4c-8727-4d9fe610a366
DEBUG 2023-12-20 09:36:55,012 - Entrei nos artigos pesquisador 8aecc69a-5d05-401c-88fb-a77dbf98696e
DEBUG 2023-12-20 09:36:55,134 - Entrei nos artigos pesquisador 8b3b8e7f-becc-4a14-835b-754c44e42c3c
DEBUG 2023-12-20 09:37:26,967 - Entrei nos artigos pesquisador 8b4aad27-f43f-4298-a7ed-3527171260ba
DEBUG 2023-12-20 09:42:22,610 - Entrei nos artigos pesquisador 8c13c8b6-3001-4b77-9899-57fc4fe0cc2d
DEBUG 2023-12-20 09:42:28,057 - Entrei nos artigos pesquisador 8c76ba04-616d-4d31-ad0c-d52e29404e6a
DEBUG 2023-12-20 09:42:29,403 - Entrei nos artigos pesquisador 8d6b1c31-bab0-4ad0-a7e8-6c0dac1009a7
DEBUG 2023-12-20 09:42:50,667 - Entrei nos artigos pesquisador 8da20472-d2ec-42b9-ac4c-f210453207ae
DEBUG 2023-12-20 09:43:12,824 - Entrei nos artigos pesquisador 8dd8599f-6499-408b-909d-c8c679dcc426
DEBUG 2023-12-20 09:43:37,224 - Entrei nos artigos pesquisador 8ddcd910-6361-4d6a-93da-e6135311c759
DEBUG 2023-12-20 09:44:16,128 - Entrei nos artigos pesquisador 8e40d276-2217-47eb-a200-105e0b508484
DEBUG 2023-12-20 09:46:58,935 - Entrei nos artigos pesquisador 8f548617-5896-4199-a12d-7826a8e1f99a
