DEBUG 2023-10-05 10:36:37,294 - total=1
DEBUG 2023-10-05 10:36:42,865 - 
        INSERT into public.researcher_production (researcher_id ,articles,book_chapters,book,work_in_event,great_area,area_specialty,city,organ,patent,software,brand) 
        values('51952bbf-11cb-4855-9322-971e78d2dc43','33','17','14','60','','','','','0','0','0');
        
DEBUG 2023-10-05 10:36:43,688 - total=2
DEBUG 2023-10-05 10:36:49,684 - 
        INSERT into public.researcher_production (researcher_id ,articles,book_chapters,book,work_in_event,great_area,area_specialty,city,organ,patent,software,brand) 
        values('a78f7f08-ed34-41de-8d33-18a752c285fc','8','4','0','41','','','','','0','0','0');
        
DEBUG 2023-10-05 10:36:50,542 - total=3
DEBUG 2023-10-05 10:36:57,947 - 
        INSERT into public.researcher_production (researcher_id ,articles,book_chapters,book,work_in_event,great_area,area_specialty,city,organ,patent,software,brand) 
        values('30a7c17d-e74a-468b-931a-db5d56efeb14','17','0','2','14','','','Sao Luis','Centro de Ciências Biológicas e da Saúde, Departam de Ciências Fisiológicas','17','0','0');
        
DEBUG 2023-10-05 10:36:58,844 - total=4
DEBUG 2023-10-05 10:37:04,350 - 
        INSERT into public.researcher_production (researcher_id ,articles,book_chapters,book,work_in_event,great_area,area_specialty,city,organ,patent,software,brand) 
        values('248d3cd5-e118-4140-83c2-55450158eb00','0','3','0','1','','','','','0','0','0');
        
DEBUG 2023-10-05 10:37:05,190 - total=5
DEBUG 2023-10-05 10:37:11,458 - 
        INSERT into public.researcher_production (researcher_id ,articles,book_chapters,book,work_in_event,great_area,area_specialty,city,organ,patent,software,brand) 
        values('c7f0d7d3-6e6e-4b67-9148-8d3083670c1b','217','19','10','496','','','','','5','5','0');
        
DEBUG 2023-10-05 10:37:12,281 - total=6
DEBUG 2023-10-05 10:37:18,077 - 
        INSERT into public.researcher_production (researcher_id ,articles,book_chapters,book,work_in_event,great_area,area_specialty,city,organ,patent,software,brand) 
        values('cb5f5432-72e3-4372-a02f-82e31a586c52','15','3','0','129','','','','','0','0','0');
        
DEBUG 2023-10-05 10:37:19,327 - total=7
DEBUG 2023-10-05 10:37:24,896 - 
        INSERT into public.researcher_production (researcher_id ,articles,book_chapters,book,work_in_event,great_area,area_specialty,city,organ,patent,software,brand) 
        values('62e73505-af5a-45d1-b9ba-fd6bf4206e0e','70','7','2','120','','','','','0','1','1');
        
DEBUG 2023-10-05 10:37:25,738 - total=8
DEBUG 2023-10-05 10:37:30,833 - 
        INSERT into public.researcher_production (researcher_id ,articles,book_chapters,book,work_in_event,great_area,area_specialty,city,organ,patent,software,brand) 
        values('9cb26795-5abb-4b82-8d4b-7199693b0303','65','14','3','104','','','','','0','3','0');
        
DEBUG 2023-10-05 10:37:31,641 - total=9
DEBUG 2023-10-05 10:37:37,102 - 
        INSERT into public.researcher_production (researcher_id ,articles,book_chapters,book,work_in_event,great_area,area_specialty,city,organ,patent,software,brand) 
        values('5659d9d2-1f9d-4777-9422-1582ff874d51','77','7','2','151','','','','','5','0','0');
        
DEBUG 2023-10-05 10:37:37,927 - total=10
DEBUG 2023-10-05 10:37:43,180 - 
        INSERT into public.researcher_production (researcher_id ,articles,book_chapters,book,work_in_event,great_area,area_specialty,city,organ,patent,software,brand) 
        values('3b178329-2363-4360-b6ca-ca43a5104427','23','5','0','23','','','','','0','0','0');
        
DEBUG 2023-10-05 10:37:44,081 - total=11
DEBUG 2023-10-05 10:37:49,149 - 
        INSERT into public.researcher_production (researcher_id ,articles,book_chapters,book,work_in_event,great_area,area_specialty,city,organ,patent,software,brand) 
        values('ebeeecb1-b156-4745-b55d-f176a229653e','54','10','4','139','','','','','2','3','0');
        
DEBUG 2023-10-05 10:37:49,995 - total=12
DEBUG 2023-10-05 10:37:55,118 - 
        INSERT into public.researcher_production (researcher_id ,articles,book_chapters,book,work_in_event,great_area,area_specialty,city,organ,patent,software,brand) 
        values('063679d8-a7c1-45b7-9f5b-6294a6bbaa50','48','3','1','32','','','','','1','0','0');
        
DEBUG 2023-10-05 10:37:55,984 - total=13
DEBUG 2023-10-05 10:38:01,499 - 
        INSERT into public.researcher_production (researcher_id ,articles,book_chapters,book,work_in_event,great_area,area_specialty,city,organ,patent,software,brand) 
        values('c5ebdd4e-dd3e-4b09-a93e-41be950defbe','22','3','0','56','','','','','0','0','0');
        
DEBUG 2023-10-05 10:38:02,321 - total=14
DEBUG 2023-10-05 10:38:07,371 - 
        INSERT into public.researcher_production (researcher_id ,articles,book_chapters,book,work_in_event,great_area,area_specialty,city,organ,patent,software,brand) 
        values('485ed94f-938c-49c2-b6d7-b6b02f9d3d09','21','10','7','22','','','','','0','1','5');
        
DEBUG 2023-10-05 10:38:08,201 - total=15
DEBUG 2023-10-05 10:38:13,642 - 
        INSERT into public.researcher_production (researcher_id ,articles,book_chapters,book,work_in_event,great_area,area_specialty,city,organ,patent,software,brand) 
        values('173fe9a4-5a1c-400e-9574-83f9e08be23c','78','19','3','178','','','','','0','1','0');
        
DEBUG 2023-10-05 10:38:14,701 - total=16
DEBUG 2023-10-05 10:38:21,035 - 
        INSERT into public.researcher_production (researcher_id ,articles,book_chapters,book,work_in_event,great_area,area_specialty,city,organ,patent,software,brand) 
        values('1b5bb57e-ef46-4c3b-82a4-2e75e54a41f5','33','15','3','84','','','','','0','0','0');
        
DEBUG 2023-10-05 10:38:21,853 - total=17
DEBUG 2023-10-05 10:38:26,950 - 
        INSERT into public.researcher_production (researcher_id ,articles,book_chapters,book,work_in_event,great_area,area_specialty,city,organ,patent,software,brand) 
        values('9b2e1afb-e2f6-4901-8e7d-4f7677c8de8a','110','9','1','84','','','','','0','11','0');
        
DEBUG 2023-10-05 10:38:27,896 - total=18
DEBUG 2023-10-05 10:38:33,027 - 
        INSERT into public.researcher_production (researcher_id ,articles,book_chapters,book,work_in_event,great_area,area_specialty,city,organ,patent,software,brand) 
        values('7cfab0dd-64d8-49fc-890f-aecd7ec35bd3','0','0','0','0','','','','','0','0','0');
        
DEBUG 2023-10-05 10:38:33,851 - total=19
DEBUG 2023-10-05 10:38:39,040 - 
        INSERT into public.researcher_production (researcher_id ,articles,book_chapters,book,work_in_event,great_area,area_specialty,city,organ,patent,software,brand) 
        values('06ec627e-11a8-4ffe-9a11-a3e83044f5ee','1','0','0','0','','','','','0','0','0');
        
DEBUG 2023-10-05 10:38:39,937 - total=20
DEBUG 2023-10-05 10:38:45,498 - 
        INSERT into public.researcher_production (researcher_id ,articles,book_chapters,book,work_in_event,great_area,area_specialty,city,organ,patent,software,brand) 
        values('9d37e596-66be-4a8c-b336-9647e9eb7d64','25','25','5','58','','','','','0','0','0');
        
DEBUG 2023-10-05 10:38:46,359 - total=21
DEBUG 2023-10-05 10:38:51,526 - 
        INSERT into public.researcher_production (researcher_id ,articles,book_chapters,book,work_in_event,great_area,area_specialty,city,organ,patent,software,brand) 
        values('126778b2-fad5-42b1-882b-05a9a1298137','73','10','7','36','','','','','0','0','0');
        
DEBUG 2023-10-05 10:38:52,340 - total=22
DEBUG 2023-10-05 10:38:57,599 - 
        INSERT into public.researcher_production (researcher_id ,articles,book_chapters,book,work_in_event,great_area,area_specialty,city,organ,patent,software,brand) 
        values('d905b8e5-fdfb-4ac4-b721-27383de19a28','71','4','4','115','','','','','2','0','0');
        
DEBUG 2023-10-05 10:38:58,436 - total=23
DEBUG 2023-10-05 10:39:03,577 - 
        INSERT into public.researcher_production (researcher_id ,articles,book_chapters,book,work_in_event,great_area,area_specialty,city,organ,patent,software,brand) 
        values('01036c84-533a-4747-9725-b9f0bb2075be','56','8','0','74','','','','','14','1','0');
        
DEBUG 2023-10-05 10:39:04,525 - total=24
DEBUG 2023-10-05 10:39:09,757 - 
        INSERT into public.researcher_production (researcher_id ,articles,book_chapters,book,work_in_event,great_area,area_specialty,city,organ,patent,software,brand) 
        values('52448b91-6819-43af-bec0-19f8b7172498','31','1','0','10','','','','','0','0','0');
        
DEBUG 2023-10-05 10:39:10,585 - total=25
DEBUG 2023-10-05 10:39:15,686 - 
        INSERT into public.researcher_production (researcher_id ,articles,book_chapters,book,work_in_event,great_area,area_specialty,city,organ,patent,software,brand) 
        values('3adca52d-5b69-49c3-9273-3fe1b0ff1fbd','0','0','0','0','','','','','0','0','0');
        
DEBUG 2023-10-05 10:39:16,492 - total=26
DEBUG 2023-10-05 10:39:21,669 - 
        INSERT into public.researcher_production (researcher_id ,articles,book_chapters,book,work_in_event,great_area,area_specialty,city,organ,patent,software,brand) 
        values('7d1118d5-f671-4d55-89d4-9e671521878f','5','0','0','0','','','','','0','0','0');
        
DEBUG 2023-10-05 10:39:22,497 - total=27
DEBUG 2023-10-05 10:39:29,154 - 
        INSERT into public.researcher_production (researcher_id ,articles,book_chapters,book,work_in_event,great_area,area_specialty,city,organ,patent,software,brand) 
        values('5544249b-8a13-49be-9169-5d42159e6a12','21','3','0','37','CIENCIAS_BIOLOGICAS ','','Porto Velho','None','0','0','0');
        
DEBUG 2023-10-05 10:39:29,894 - total=28
DEBUG 2023-10-05 10:39:34,633 - 
        INSERT into public.researcher_production (researcher_id ,articles,book_chapters,book,work_in_event,great_area,area_specialty,city,organ,patent,software,brand) 
        values('c689e964-4e49-48b8-b5a0-41afb4f233c9','9','1','0','35','','','','','0','4','0');
        
DEBUG 2023-10-05 10:39:35,670 - total=29
DEBUG 2023-10-05 10:39:41,395 - 
        INSERT into public.researcher_production (researcher_id ,articles,book_chapters,book,work_in_event,great_area,area_specialty,city,organ,patent,software,brand) 
        values('9cbd8783-0907-4828-91cb-3e24a16011a6','17','1','4','45','','','','','0','4','0');
        
DEBUG 2023-10-05 10:39:42,197 - total=30
DEBUG 2023-10-05 10:39:47,106 - 
        INSERT into public.researcher_production (researcher_id ,articles,book_chapters,book,work_in_event,great_area,area_specialty,city,organ,patent,software,brand) 
        values('b158f64b-c4ec-42b5-9723-e709b4d36789','16','11','1','30','','','','','0','0','0');
        
DEBUG 2023-10-05 10:39:47,860 - total=31
DEBUG 2023-10-05 10:39:52,531 - 
        INSERT into public.researcher_production (researcher_id ,articles,book_chapters,book,work_in_event,great_area,area_specialty,city,organ,patent,software,brand) 
        values('78a759f1-fa7f-47c5-b6b4-8d8f6f98abdc','16','0','0','18','','','','','0','0','0');
        
DEBUG 2023-10-05 10:39:53,267 - total=32
DEBUG 2023-10-05 10:39:58,004 - 
        INSERT into public.researcher_production (researcher_id ,articles,book_chapters,book,work_in_event,great_area,area_specialty,city,organ,patent,software,brand) 
        values('83735216-3325-4242-8817-4bb1ae37921d','41','9','1','112','','','','','0','2','2');
        
DEBUG 2023-10-05 10:39:58,751 - total=33
DEBUG 2023-10-05 10:40:03,440 - 
        INSERT into public.researcher_production (researcher_id ,articles,book_chapters,book,work_in_event,great_area,area_specialty,city,organ,patent,software,brand) 
        values('4f55da08-4ba8-43de-a1d2-91d132957ca8','17','2','1','10','','','','','0','0','0');
        
DEBUG 2023-10-05 10:40:04,181 - total=34
DEBUG 2023-10-05 10:40:08,852 - 
        INSERT into public.researcher_production (researcher_id ,articles,book_chapters,book,work_in_event,great_area,area_specialty,city,organ,patent,software,brand) 
        values('c195648c-3de6-488b-9127-59ae4a07b862','35','12','0','174','','','','','13','5','0');
        
DEBUG 2023-10-05 10:40:09,617 - total=35
DEBUG 2023-10-05 10:40:14,376 - 
        INSERT into public.researcher_production (researcher_id ,articles,book_chapters,book,work_in_event,great_area,area_specialty,city,organ,patent,software,brand) 
        values('64635a76-c343-45b7-b15e-e324f46fafc8','21','6','3','17','','','','','0','0','0');
        
DEBUG 2023-10-05 10:40:15,117 - total=36
DEBUG 2023-10-05 10:40:20,058 - 
        INSERT into public.researcher_production (researcher_id ,articles,book_chapters,book,work_in_event,great_area,area_specialty,city,organ,patent,software,brand) 
        values('ded2bafa-9a13-4e35-8c85-c0aff6619c03','12','0','0','10','','','','','0','0','0');
        
DEBUG 2023-10-05 10:40:20,825 - total=37
DEBUG 2023-10-05 10:40:25,884 - 
        INSERT into public.researcher_production (researcher_id ,articles,book_chapters,book,work_in_event,great_area,area_specialty,city,organ,patent,software,brand) 
        values('5b03ba9d-6ac5-4783-bbc9-a814736820d0','30','4','2','24','','','','','0','0','0');
        
DEBUG 2023-10-05 10:40:26,635 - total=38
DEBUG 2023-10-05 10:40:31,500 - 
        INSERT into public.researcher_production (researcher_id ,articles,book_chapters,book,work_in_event,great_area,area_specialty,city,organ,patent,software,brand) 
        values('5100d41e-243c-4f24-85a2-78a6ee1c176f','24','1','0','34','','','','','2','4','0');
        
DEBUG 2023-10-05 10:40:32,334 - total=39
DEBUG 2023-10-05 10:40:37,453 - 
        INSERT into public.researcher_production (researcher_id ,articles,book_chapters,book,work_in_event,great_area,area_specialty,city,organ,patent,software,brand) 
        values('084d9f37-10dc-433c-af9c-f8272f651960','6','0','4','22','','','','','0','7','0');
        
DEBUG 2023-10-05 10:40:38,225 - total=40
DEBUG 2023-10-05 10:40:42,991 - 
        INSERT into public.researcher_production (researcher_id ,articles,book_chapters,book,work_in_event,great_area,area_specialty,city,organ,patent,software,brand) 
        values('f3373355-9fc5-4869-a97a-32920dc0570e','12','0','0','66','','','','','0','0','0');
        
DEBUG 2023-10-05 10:40:43,801 - total=41
DEBUG 2023-10-05 10:40:49,815 - 
        INSERT into public.researcher_production (researcher_id ,articles,book_chapters,book,work_in_event,great_area,area_specialty,city,organ,patent,software,brand) 
        values('d9aaa764-b6dd-4daf-8241-1d8c3434978f','9','7','2','24','','','','','5','4','1');
        
DEBUG 2023-10-05 10:40:50,574 - total=42
DEBUG 2023-10-05 10:40:55,236 - 
        INSERT into public.researcher_production (researcher_id ,articles,book_chapters,book,work_in_event,great_area,area_specialty,city,organ,patent,software,brand) 
        values('ee3cdb3d-b4cb-4ddf-af70-d3b5a99b9b4f','63','9','1','200','','','','','9','0','0');
        
DEBUG 2023-10-05 10:40:55,980 - total=43
DEBUG 2023-10-05 10:41:00,676 - 
        INSERT into public.researcher_production (researcher_id ,articles,book_chapters,book,work_in_event,great_area,area_specialty,city,organ,patent,software,brand) 
        values('79cbcc16-3cb7-4bce-9dc2-418a0320c528','28','0','0','54','','','','','1','0','0');
        
DEBUG 2023-10-05 10:41:01,427 - total=44
DEBUG 2023-10-05 10:41:06,046 - 
        INSERT into public.researcher_production (researcher_id ,articles,book_chapters,book,work_in_event,great_area,area_specialty,city,organ,patent,software,brand) 
        values('858eb143-d3f8-4703-a011-ad434bd78f7a','138','38','11','220','','','','','54','3','2');
        
DEBUG 2023-10-05 10:41:06,825 - total=45
DEBUG 2023-10-05 10:41:11,431 - 
        INSERT into public.researcher_production (researcher_id ,articles,book_chapters,book,work_in_event,great_area,area_specialty,city,organ,patent,software,brand) 
        values('44076ac2-8df5-465f-a2fe-856fc609a460','15','1','0','21','','','','','1','1','0');
        
DEBUG 2023-10-05 10:41:12,179 - total=46
DEBUG 2023-10-05 10:41:16,839 - 
        INSERT into public.researcher_production (researcher_id ,articles,book_chapters,book,work_in_event,great_area,area_specialty,city,organ,patent,software,brand) 
        values('74e456df-7737-48a8-be5e-1da17382f729','79','12','1','55','','','','','5','0','1');
        
DEBUG 2023-10-05 10:41:17,582 - total=47
DEBUG 2023-10-05 10:41:22,556 - 
        INSERT into public.researcher_production (researcher_id ,articles,book_chapters,book,work_in_event,great_area,area_specialty,city,organ,patent,software,brand) 
        values('aa1c8eda-707b-4d76-82ae-277e1506a59a','0','0','0','0','','','','','0','0','0');
        
DEBUG 2023-10-05 10:41:23,415 - total=48
DEBUG 2023-10-05 10:41:28,469 - 
        INSERT into public.researcher_production (researcher_id ,articles,book_chapters,book,work_in_event,great_area,area_specialty,city,organ,patent,software,brand) 
        values('41650b94-6ba1-4a50-a469-ee8669373a34','18','24','5','18','','','','','0','0','0');
        
DEBUG 2023-10-05 10:41:29,231 - total=49
DEBUG 2023-10-05 10:41:34,029 - 
        INSERT into public.researcher_production (researcher_id ,articles,book_chapters,book,work_in_event,great_area,area_specialty,city,organ,patent,software,brand) 
        values('1a9ae83b-a477-46ed-abf0-0d0437850d8b','43','0','0','31','','','','','0','0','0');
        
DEBUG 2023-10-05 10:41:34,797 - total=50
DEBUG 2023-10-05 10:41:39,713 - 
        INSERT into public.researcher_production (researcher_id ,articles,book_chapters,book,work_in_event,great_area,area_specialty,city,organ,patent,software,brand) 
        values('838463ca-4a95-43dd-8f5d-fcfbf8f03465','1','0','0','0','','','','','0','0','0');
        
DEBUG 2023-10-05 10:41:40,447 - total=51
DEBUG 2023-10-05 10:41:45,369 - 
        INSERT into public.researcher_production (researcher_id ,articles,book_chapters,book,work_in_event,great_area,area_specialty,city,organ,patent,software,brand) 
        values('fc55993c-7203-4736-a9b7-4746e1ad7535','0','0','2','0','','','','','0','1','0');
        
DEBUG 2023-10-05 10:41:46,196 - total=52
DEBUG 2023-10-05 10:41:50,924 - 
        INSERT into public.researcher_production (researcher_id ,articles,book_chapters,book,work_in_event,great_area,area_specialty,city,organ,patent,software,brand) 
        values('1652efb5-7f82-4a42-9208-605694e6f0ce','40','19','3','69','','','','','0','8','0');
        
DEBUG 2023-10-05 10:41:51,676 - total=53
DEBUG 2023-10-05 10:41:56,249 - 
        INSERT into public.researcher_production (researcher_id ,articles,book_chapters,book,work_in_event,great_area,area_specialty,city,organ,patent,software,brand) 
        values('a9410017-50a1-44b6-9498-abc57e71949d','4','3','1','1','','','','','0','0','0');
        
DEBUG 2023-10-05 10:41:57,007 - total=54
DEBUG 2023-10-05 10:42:01,776 - 
        INSERT into public.researcher_production (researcher_id ,articles,book_chapters,book,work_in_event,great_area,area_specialty,city,organ,patent,software,brand) 
        values('c14bdddc-40e4-4d2b-a217-a2de6f620d44','11','5','0','40','','','','','0','0','0');
        
DEBUG 2023-10-05 10:42:02,523 - total=55
DEBUG 2023-10-05 10:42:07,481 - 
        INSERT into public.researcher_production (researcher_id ,articles,book_chapters,book,work_in_event,great_area,area_specialty,city,organ,patent,software,brand) 
        values('dc500371-2bfd-423c-b00d-737958f3fb23','12','0','0','20','','','','','0','0','0');
        
DEBUG 2023-10-05 10:42:08,230 - total=56
DEBUG 2023-10-05 10:42:12,887 - 
        INSERT into public.researcher_production (researcher_id ,articles,book_chapters,book,work_in_event,great_area,area_specialty,city,organ,patent,software,brand) 
        values('54dc7a49-7613-42dc-9fbb-15099cad8d11','18','1','0','79','','','','','0','5','0');
        
DEBUG 2023-10-05 10:42:13,624 - total=57
DEBUG 2023-10-05 10:42:18,269 - 
        INSERT into public.researcher_production (researcher_id ,articles,book_chapters,book,work_in_event,great_area,area_specialty,city,organ,patent,software,brand) 
        values('dc944d40-c458-4bf8-b500-ce55aa15ecfd','78','25','4','30','','','','','0','3','0');
        
DEBUG 2023-10-05 10:42:19,024 - total=58
DEBUG 2023-10-05 10:42:23,743 - 
        INSERT into public.researcher_production (researcher_id ,articles,book_chapters,book,work_in_event,great_area,area_specialty,city,organ,patent,software,brand) 
        values('90acc05b-7d32-4886-88ff-87ec3bf2b46f','84','41','18','426','','','','','0','5','0');
        
DEBUG 2023-10-05 10:42:24,485 - total=59
DEBUG 2023-10-05 10:42:29,169 - 
        INSERT into public.researcher_production (researcher_id ,articles,book_chapters,book,work_in_event,great_area,area_specialty,city,organ,patent,software,brand) 
        values('a5842abd-1185-4af1-89a8-2fd4e39872a7','43','13','0','57','','','','','0','2','0');
        
DEBUG 2023-10-05 10:42:29,947 - total=60
DEBUG 2023-10-05 10:42:34,595 - 
        INSERT into public.researcher_production (researcher_id ,articles,book_chapters,book,work_in_event,great_area,area_specialty,city,organ,patent,software,brand) 
        values('bd0edba9-5cf7-4a92-a921-5c38ecf4ed8b','26','9','0','52','','','','','0','0','0');
        
DEBUG 2023-10-05 10:42:35,336 - total=61
DEBUG 2023-10-05 10:42:39,987 - 
        INSERT into public.researcher_production (researcher_id ,articles,book_chapters,book,work_in_event,great_area,area_specialty,city,organ,patent,software,brand) 
        values('9aeb38ea-44bb-4d0e-9459-a8eb5d12e72d','28','5','6','16','','','','','0','20','0');
        
DEBUG 2023-10-05 10:42:40,736 - total=62
DEBUG 2023-10-05 10:42:45,428 - 
        INSERT into public.researcher_production (researcher_id ,articles,book_chapters,book,work_in_event,great_area,area_specialty,city,organ,patent,software,brand) 
        values('33a9d8e1-769d-4ad8-bc10-6693e28a3dd7','9','3','2','35','','','','','0','3','0');
        
DEBUG 2023-10-05 10:42:46,199 - total=63
DEBUG 2023-10-05 10:42:51,190 - 
        INSERT into public.researcher_production (researcher_id ,articles,book_chapters,book,work_in_event,great_area,area_specialty,city,organ,patent,software,brand) 
        values('90779822-365f-4952-b29d-3dea03e35a99','1','1','1','2','','','','','0','0','0');
        
DEBUG 2023-10-05 10:42:51,959 - total=64
DEBUG 2023-10-05 10:42:56,554 - 
        INSERT into public.researcher_production (researcher_id ,articles,book_chapters,book,work_in_event,great_area,area_specialty,city,organ,patent,software,brand) 
        values('13fa2dbf-4ef1-49cd-85e8-19f1b9eb897a','56','4','0','52','','','','','0','0','0');
        
DEBUG 2023-10-05 10:42:57,303 - total=65
DEBUG 2023-10-05 10:43:02,200 - 
        INSERT into public.researcher_production (researcher_id ,articles,book_chapters,book,work_in_event,great_area,area_specialty,city,organ,patent,software,brand) 
        values('99b9752e-31d2-49a3-9b2f-a11562b2924f','6','1','0','19','','','','','0','6','0');
        
DEBUG 2023-10-05 10:43:03,373 - total=66
DEBUG 2023-10-05 10:43:07,892 - 
        INSERT into public.researcher_production (researcher_id ,articles,book_chapters,book,work_in_event,great_area,area_specialty,city,organ,patent,software,brand) 
        values('abc566a0-9612-41de-bcbf-5d344f938f96','0','0','0','0','','','','','0','0','0');
        
DEBUG 2023-10-05 10:43:08,883 - total=67
DEBUG 2023-10-05 10:43:13,460 - 
        INSERT into public.researcher_production (researcher_id ,articles,book_chapters,book,work_in_event,great_area,area_specialty,city,organ,patent,software,brand) 
        values('d1b2b53a-f15a-4c60-87da-54397d06a3bb','17','6','0','16','','','','','0','23','0');
        
DEBUG 2023-10-05 10:43:14,196 - total=68
DEBUG 2023-10-05 10:43:18,770 - 
        INSERT into public.researcher_production (researcher_id ,articles,book_chapters,book,work_in_event,great_area,area_specialty,city,organ,patent,software,brand) 
        values('c0133c65-6557-49b8-81c5-f35a360d435a','4','1','3','16','','','','','1','0','0');
        
DEBUG 2023-10-05 10:43:19,580 - total=69
DEBUG 2023-10-05 10:43:24,028 - 
        INSERT into public.researcher_production (researcher_id ,articles,book_chapters,book,work_in_event,great_area,area_specialty,city,organ,patent,software,brand) 
        values('3abc160d-8934-456a-a171-bbc8d200898a','12','7','1','33','','','','','0','5','0');
        
DEBUG 2023-10-05 10:43:24,836 - total=70
DEBUG 2023-10-05 10:43:29,332 - 
        INSERT into public.researcher_production (researcher_id ,articles,book_chapters,book,work_in_event,great_area,area_specialty,city,organ,patent,software,brand) 
        values('ac2e6e8a-3740-4494-ac29-3a405be8e990','2','0','0','0','','','','','0','0','0');
        
DEBUG 2023-10-05 10:43:30,070 - total=71
DEBUG 2023-10-05 10:43:34,573 - 
        INSERT into public.researcher_production (researcher_id ,articles,book_chapters,book,work_in_event,great_area,area_specialty,city,organ,patent,software,brand) 
        values('649bc7b6-ba91-4071-97c5-cc5606a85614','86','22','2','220','','','','','0','1','0');
        
DEBUG 2023-10-05 10:43:35,333 - total=72
DEBUG 2023-10-05 10:43:39,835 - 
        INSERT into public.researcher_production (researcher_id ,articles,book_chapters,book,work_in_event,great_area,area_specialty,city,organ,patent,software,brand) 
        values('f68d9b31-adb1-4cb5-bb3f-27c0c486484a','37','1','0','22','','','','','0','0','0');
        
DEBUG 2023-10-05 10:43:40,553 - total=73
DEBUG 2023-10-05 10:43:45,077 - 
        INSERT into public.researcher_production (researcher_id ,articles,book_chapters,book,work_in_event,great_area,area_specialty,city,organ,patent,software,brand) 
        values('6989b05a-9e63-4a29-9d8e-a0b8bfc3aaef','20','1','0','57','','','','','0','0','0');
        
DEBUG 2023-10-05 10:43:45,784 - total=74
DEBUG 2023-10-05 10:43:50,272 - 
        INSERT into public.researcher_production (researcher_id ,articles,book_chapters,book,work_in_event,great_area,area_specialty,city,organ,patent,software,brand) 
        values('41ef2f89-7ec9-43a5-a8d0-1f695b5d0e2c','29','13','7','104','','','','','0','1','0');
        
DEBUG 2023-10-05 10:43:51,007 - total=75
DEBUG 2023-10-05 10:43:55,784 - 
        INSERT into public.researcher_production (researcher_id ,articles,book_chapters,book,work_in_event,great_area,area_specialty,city,organ,patent,software,brand) 
        values('7a3d1239-d05b-484d-a2de-e99ca7749d59','1','4','0','11','','','','','0','0','0');
        
DEBUG 2023-10-05 10:43:56,504 - total=76
DEBUG 2023-10-05 10:44:01,090 - 
        INSERT into public.researcher_production (researcher_id ,articles,book_chapters,book,work_in_event,great_area,area_specialty,city,organ,patent,software,brand) 
        values('193fb260-cf35-4fff-86b9-156ff3811f41','106','7','3','225','','','','','23','0','5');
        
DEBUG 2023-10-05 10:44:01,835 - total=77
DEBUG 2023-10-05 10:44:06,343 - 
        INSERT into public.researcher_production (researcher_id ,articles,book_chapters,book,work_in_event,great_area,area_specialty,city,organ,patent,software,brand) 
        values('1ccf8424-60e8-46f6-928f-ad4230094dba','9','1','0','72','','','','','1','0','0');
        
DEBUG 2023-10-05 10:44:07,061 - total=78
DEBUG 2023-10-05 10:44:11,616 - 
        INSERT into public.researcher_production (researcher_id ,articles,book_chapters,book,work_in_event,great_area,area_specialty,city,organ,patent,software,brand) 
        values('50acddba-06e5-46d8-b331-03b2b61a2c6d','29','1','1','61','','','','','3','1','0');
        
DEBUG 2023-10-05 10:44:12,355 - total=79
DEBUG 2023-10-05 10:44:16,807 - 
        INSERT into public.researcher_production (researcher_id ,articles,book_chapters,book,work_in_event,great_area,area_specialty,city,organ,patent,software,brand) 
        values('da418259-29e2-4b86-8bb0-1d7b572d9486','19','3','1','20','','','','','0','0','0');
        
DEBUG 2023-10-05 10:44:17,584 - total=80
DEBUG 2023-10-05 10:44:22,045 - 
        INSERT into public.researcher_production (researcher_id ,articles,book_chapters,book,work_in_event,great_area,area_specialty,city,organ,patent,software,brand) 
        values('25f6b0cc-7d2d-4e1b-af2c-b1dfc04c1cde','0','1','0','0','','','','','0','0','0');
        
DEBUG 2023-10-05 10:44:22,795 - total=81
DEBUG 2023-10-05 10:44:27,289 - 
        INSERT into public.researcher_production (researcher_id ,articles,book_chapters,book,work_in_event,great_area,area_specialty,city,organ,patent,software,brand) 
        values('c4f95790-7356-44aa-a6ba-d8ca65266e75','10','12','7','14','','','','','0','0','0');
        
DEBUG 2023-10-05 10:44:28,063 - total=82
DEBUG 2023-10-05 10:44:32,477 - 
        INSERT into public.researcher_production (researcher_id ,articles,book_chapters,book,work_in_event,great_area,area_specialty,city,organ,patent,software,brand) 
        values('64478ab4-fa55-4284-8e88-8d6152984794','31','1','0','61','','','','','1','0','0');
        
DEBUG 2023-10-05 10:44:33,308 - total=83
DEBUG 2023-10-05 10:44:37,870 - 
        INSERT into public.researcher_production (researcher_id ,articles,book_chapters,book,work_in_event,great_area,area_specialty,city,organ,patent,software,brand) 
        values('d9a626f4-b121-4b77-8738-95a63400b0e1','63','27','8','33','CIENCIAS_SOCIAIS_APLICADAS ','','Salvador','Departamento de Ciências Exatas e da Terra','2','39','1');
        
DEBUG 2023-10-05 10:44:38,588 - total=84
DEBUG 2023-10-05 10:44:43,039 - 
        INSERT into public.researcher_production (researcher_id ,articles,book_chapters,book,work_in_event,great_area,area_specialty,city,organ,patent,software,brand) 
        values('3d9a6910-0a4d-48a9-8219-b47174bd3d83','0','0','0','0','','','','','0','0','0');
        
DEBUG 2023-10-05 10:44:43,765 - total=85
DEBUG 2023-10-05 10:44:48,220 - 
        INSERT into public.researcher_production (researcher_id ,articles,book_chapters,book,work_in_event,great_area,area_specialty,city,organ,patent,software,brand) 
        values('cd2d9e4b-7426-42b8-b08e-7bda3583192d','2','0','0','1','','','','','0','0','0');
        
DEBUG 2023-10-05 10:44:48,984 - total=86
DEBUG 2023-10-05 10:44:53,442 - 
        INSERT into public.researcher_production (researcher_id ,articles,book_chapters,book,work_in_event,great_area,area_specialty,city,organ,patent,software,brand) 
        values('a9afffa8-076f-4e07-b7e9-56094703170a','5','4','0','14','','','','','0','1','0');
        
DEBUG 2023-10-05 10:44:54,164 - total=87
DEBUG 2023-10-05 10:44:58,639 - 
        INSERT into public.researcher_production (researcher_id ,articles,book_chapters,book,work_in_event,great_area,area_specialty,city,organ,patent,software,brand) 
        values('cff8eaec-05eb-4f62-b97d-0089d11cf4ae','43','1','0','82','','','','','23','1','0');
        
DEBUG 2023-10-05 10:44:59,348 - total=88
DEBUG 2023-10-05 10:45:03,844 - 
        INSERT into public.researcher_production (researcher_id ,articles,book_chapters,book,work_in_event,great_area,area_specialty,city,organ,patent,software,brand) 
        values('07caf0c5-7414-4436-a817-e2edb15cdddc','82','11','1','89','','','','','0','1','1');
        
DEBUG 2023-10-05 10:45:04,685 - total=89
DEBUG 2023-10-05 10:45:09,199 - 
        INSERT into public.researcher_production (researcher_id ,articles,book_chapters,book,work_in_event,great_area,area_specialty,city,organ,patent,software,brand) 
        values('69fd91f6-0d4a-4e4a-81b1-8db053171e87','19','3','0','83','','','','','3','0','0');
        
DEBUG 2023-10-05 10:45:09,931 - total=90
DEBUG 2023-10-05 10:45:14,461 - 
        INSERT into public.researcher_production (researcher_id ,articles,book_chapters,book,work_in_event,great_area,area_specialty,city,organ,patent,software,brand) 
        values('c53c3c17-459b-441f-9b2d-aa701e31e287','13','9','1','21','','','','','8','3','0');
        
DEBUG 2023-10-05 10:45:15,205 - total=91
DEBUG 2023-10-05 10:45:19,711 - 
        INSERT into public.researcher_production (researcher_id ,articles,book_chapters,book,work_in_event,great_area,area_specialty,city,organ,patent,software,brand) 
        values('2064517f-a8ff-4d26-b384-07e9465151a4','46','9','0','57','','','','','1','2','0');
        
DEBUG 2023-10-05 10:45:20,475 - total=92
DEBUG 2023-10-05 10:45:25,114 - 
        INSERT into public.researcher_production (researcher_id ,articles,book_chapters,book,work_in_event,great_area,area_specialty,city,organ,patent,software,brand) 
        values('cc504365-c399-4a85-b336-1bf03a97ae28','70','27','1','106','CIENCIAS_BIOLOGICAS ','Biotecnologia Aplicada | Genética ; Biologia Molecular | Genética ','Divinópolis','Curso de Bioquímica','55','2','0');
        
DEBUG 2023-10-05 10:45:25,878 - total=93
DEBUG 2023-10-05 10:45:30,482 - 
        INSERT into public.researcher_production (researcher_id ,articles,book_chapters,book,work_in_event,great_area,area_specialty,city,organ,patent,software,brand) 
        values('d07cf4bf-8192-48ce-a645-1ec8b5af2b7d','17','15','0','32','','','','','0','0','0');
        
DEBUG 2023-10-05 10:45:31,255 - total=94
DEBUG 2023-10-05 10:45:36,018 - 
        INSERT into public.researcher_production (researcher_id ,articles,book_chapters,book,work_in_event,great_area,area_specialty,city,organ,patent,software,brand) 
        values('9702a8e4-9fe4-4691-812e-89fbdbe8683e','1','0','0','1','','','','','0','0','0');
        
DEBUG 2023-10-05 10:45:36,764 - total=95
DEBUG 2023-10-05 10:45:41,374 - 
        INSERT into public.researcher_production (researcher_id ,articles,book_chapters,book,work_in_event,great_area,area_specialty,city,organ,patent,software,brand) 
        values('ca9fe351-4ce3-4f2d-b312-08659f37cab2','19','21','0','45','','','','','0','2','0');
        
DEBUG 2023-10-05 10:45:42,138 - total=96
DEBUG 2023-10-05 10:45:46,662 - 
        INSERT into public.researcher_production (researcher_id ,articles,book_chapters,book,work_in_event,great_area,area_specialty,city,organ,patent,software,brand) 
        values('ce800128-285f-4119-b954-ea670fe62a9a','97','31','12','156','','','','','1','21','0');
        
DEBUG 2023-10-05 10:45:47,409 - total=97
DEBUG 2023-10-05 10:45:52,020 - 
        INSERT into public.researcher_production (researcher_id ,articles,book_chapters,book,work_in_event,great_area,area_specialty,city,organ,patent,software,brand) 
        values('5d3ffa0e-ddba-49c4-a676-9de72b2311d4','5','1','0','8','','','','','0','0','0');
        
DEBUG 2023-10-05 10:45:52,741 - total=98
DEBUG 2023-10-05 10:45:57,276 - 
        INSERT into public.researcher_production (researcher_id ,articles,book_chapters,book,work_in_event,great_area,area_specialty,city,organ,patent,software,brand) 
        values('1c2c3db8-4ead-426b-b1e8-6fa4598ac5fe','85','6','2','92','','','','','3','0','1');
        
DEBUG 2023-10-05 10:45:58,061 - total=99
DEBUG 2023-10-05 10:46:02,595 - 
        INSERT into public.researcher_production (researcher_id ,articles,book_chapters,book,work_in_event,great_area,area_specialty,city,organ,patent,software,brand) 
        values('b0e12033-63b5-47fe-9bea-18a7a242bfcf','38','26','7','48','','','','','0','0','0');
        
DEBUG 2023-10-05 10:46:03,358 - total=100
DEBUG 2023-10-05 10:46:07,934 - 
        INSERT into public.researcher_production (researcher_id ,articles,book_chapters,book,work_in_event,great_area,area_specialty,city,organ,patent,software,brand) 
        values('ecf4b84e-e216-4b7e-b9ab-b2b53b6de75d','35','7','4','21','CIENCIAS_SOCIAIS_APLICADAS ; CIENCIAS_EXATAS_E_DA_TERRA ; CIENCIAS_DA_SAUDE ','Organização Industrial E  Estudos Industriais | Economia ; Computabilidade E Modelos De Computação | Ciência Da Computação ','Salvador','Centro Universitário SENAI CIMATEC','0','21','0');
        
DEBUG 2023-10-05 10:46:08,695 - total=101
DEBUG 2023-10-05 10:46:13,286 - 
        INSERT into public.researcher_production (researcher_id ,articles,book_chapters,book,work_in_event,great_area,area_specialty,city,organ,patent,software,brand) 
        values('8aecc69a-5d05-401c-88fb-a77dbf98696e','2','0','0','0','','','','','0','0','0');
        
DEBUG 2023-10-05 10:46:14,035 - total=102
DEBUG 2023-10-05 10:46:18,861 - 
        INSERT into public.researcher_production (researcher_id ,articles,book_chapters,book,work_in_event,great_area,area_specialty,city,organ,patent,software,brand) 
        values('1a888ffd-efea-4238-8aa9-8c26ad68ce0b','24','0','0','47','','','','','3','0','0');
        
DEBUG 2023-10-05 10:46:19,603 - total=103
DEBUG 2023-10-05 10:46:24,055 - 
        INSERT into public.researcher_production (researcher_id ,articles,book_chapters,book,work_in_event,great_area,area_specialty,city,organ,patent,software,brand) 
        values('37a6c3df-e96f-416f-b2f8-4b35361b61ed','15','4','0','19','','','','','0','0','0');
        
DEBUG 2023-10-05 10:46:24,804 - total=104
DEBUG 2023-10-05 10:46:29,419 - 
        INSERT into public.researcher_production (researcher_id ,articles,book_chapters,book,work_in_event,great_area,area_specialty,city,organ,patent,software,brand) 
        values('3094b1b2-1524-4d0a-be91-368e13d81bda','206','47','79','272','','','','','0','0','0');
        
DEBUG 2023-10-05 10:46:30,146 - total=105
DEBUG 2023-10-05 10:46:34,769 - 
        INSERT into public.researcher_production (researcher_id ,articles,book_chapters,book,work_in_event,great_area,area_specialty,city,organ,patent,software,brand) 
        values('cc04c3fb-78cf-4f4f-a0af-1a4232008e37','67','7','4','142','','','','','9','6','0');
        
DEBUG 2023-10-05 10:46:35,490 - total=106
DEBUG 2023-10-05 10:46:40,455 - 
        INSERT into public.researcher_production (researcher_id ,articles,book_chapters,book,work_in_event,great_area,area_specialty,city,organ,patent,software,brand) 
        values('c0ed0196-5aa9-4af9-912c-47c94974166f','12','11','0','34','','','','','1','0','0');
        
DEBUG 2023-10-05 10:46:41,248 - total=107
DEBUG 2023-10-05 10:46:45,756 - 
        INSERT into public.researcher_production (researcher_id ,articles,book_chapters,book,work_in_event,great_area,area_specialty,city,organ,patent,software,brand) 
        values('1892ad9c-46cc-42d1-8bb8-0bdd99826975','0','0','0','1','','','','','0','0','0');
        
DEBUG 2023-10-05 10:46:46,508 - total=108
DEBUG 2023-10-05 10:46:51,275 - 
        INSERT into public.researcher_production (researcher_id ,articles,book_chapters,book,work_in_event,great_area,area_specialty,city,organ,patent,software,brand) 
        values('57c7edb2-39e6-4826-8081-038a963b5b3e','20','6','1','27','','','','','0','0','0');
        
DEBUG 2023-10-05 10:46:51,992 - total=109
DEBUG 2023-10-05 10:46:56,441 - 
        INSERT into public.researcher_production (researcher_id ,articles,book_chapters,book,work_in_event,great_area,area_specialty,city,organ,patent,software,brand) 
        values('a306a688-e5d0-4778-bb58-5a832e4c7440','200','7','2','73','','','','','0','0','0');
        
DEBUG 2023-10-05 10:46:57,174 - total=110
DEBUG 2023-10-05 10:47:01,722 - 
        INSERT into public.researcher_production (researcher_id ,articles,book_chapters,book,work_in_event,great_area,area_specialty,city,organ,patent,software,brand) 
        values('4b5a5332-53fa-436d-a51a-fa77e88271c9','12','6','0','29','','','','','0','0','0');
        
DEBUG 2023-10-05 10:47:02,746 - total=111
DEBUG 2023-10-05 10:47:07,292 - 
        INSERT into public.researcher_production (researcher_id ,articles,book_chapters,book,work_in_event,great_area,area_specialty,city,organ,patent,software,brand) 
        values('c08d163f-9623-44b0-b45e-40ae77a3cb58','36','5','0','38','','','','','4','0','0');
        
DEBUG 2023-10-05 10:47:08,061 - total=112
DEBUG 2023-10-05 10:47:12,579 - 
        INSERT into public.researcher_production (researcher_id ,articles,book_chapters,book,work_in_event,great_area,area_specialty,city,organ,patent,software,brand) 
        values('249f7d66-7df9-4bdf-96b3-8fb340e4eac1','93','98','22','100','','','','','0','27','0');
        
DEBUG 2023-10-05 10:47:13,333 - total=113
DEBUG 2023-10-05 10:47:18,026 - 
        INSERT into public.researcher_production (researcher_id ,articles,book_chapters,book,work_in_event,great_area,area_specialty,city,organ,patent,software,brand) 
        values('18ea51fe-c3d1-41d1-94f6-db98207f23f4','6','1','0','7','','','','','9','0','0');
        
DEBUG 2023-10-05 10:47:18,762 - total=114
DEBUG 2023-10-05 10:47:23,815 - 
        INSERT into public.researcher_production (researcher_id ,articles,book_chapters,book,work_in_event,great_area,area_specialty,city,organ,patent,software,brand) 
        values('e0b0e130-fc59-4d88-b1d2-486638d8b60b','0','0','0','7','','','','','0','0','0');
        
DEBUG 2023-10-05 10:47:24,580 - total=115
DEBUG 2023-10-05 10:47:29,065 - 
        INSERT into public.researcher_production (researcher_id ,articles,book_chapters,book,work_in_event,great_area,area_specialty,city,organ,patent,software,brand) 
        values('cea78c3f-452f-4bfc-ba1e-64b8c55da4f5','0','0','0','0','','','','','0','0','0');
        
DEBUG 2023-10-05 10:47:29,785 - total=116
DEBUG 2023-10-05 10:47:34,354 - 
        INSERT into public.researcher_production (researcher_id ,articles,book_chapters,book,work_in_event,great_area,area_specialty,city,organ,patent,software,brand) 
        values('d2cf6752-4cbc-4bb3-b868-f13fae68cfc7','7','3','1','50','','','','','5','1','0');
        
DEBUG 2023-10-05 10:47:35,060 - total=117
DEBUG 2023-10-05 10:47:39,815 - 
        INSERT into public.researcher_production (researcher_id ,articles,book_chapters,book,work_in_event,great_area,area_specialty,city,organ,patent,software,brand) 
        values('fb69eba6-dd80-4c0f-a844-7544d2c91a0f','0','0','0','0','','','','','0','0','0');
        
DEBUG 2023-10-05 10:47:40,565 - total=118
DEBUG 2023-10-05 10:47:45,027 - 
        INSERT into public.researcher_production (researcher_id ,articles,book_chapters,book,work_in_event,great_area,area_specialty,city,organ,patent,software,brand) 
        values('c50f8fc7-420a-4591-82f2-9bd5c561188e','19','5','7','56','CIENCIAS_SOCIAIS_APLICADAS ','Empreendedorismo E Inovação | Administração ; Empreendedorismo De Interesse Social | Administração ','Sao Joao Del Rei','Departamento de Ciências Administrativas e Contábeis - DECAC','0','0','0');
        
DEBUG 2023-10-05 10:47:45,774 - total=119
DEBUG 2023-10-05 10:47:50,239 - 
        INSERT into public.researcher_production (researcher_id ,articles,book_chapters,book,work_in_event,great_area,area_specialty,city,organ,patent,software,brand) 
        values('599f9d40-4fe9-4b23-bb98-8d74ec3c7b94','17','0','0','11','','','','','1','1','0');
        
DEBUG 2023-10-05 10:47:51,276 - total=120
DEBUG 2023-10-05 10:47:55,718 - 
        INSERT into public.researcher_production (researcher_id ,articles,book_chapters,book,work_in_event,great_area,area_specialty,city,organ,patent,software,brand) 
        values('de05bc3d-4a23-45c9-b05b-5076375984a4','73','1','4','99','','','','','1','1','0');
        
DEBUG 2023-10-05 10:47:56,424 - total=121
DEBUG 2023-10-05 10:48:01,904 - 
        INSERT into public.researcher_production (researcher_id ,articles,book_chapters,book,work_in_event,great_area,area_specialty,city,organ,patent,software,brand) 
        values('3489ae2d-c415-40fb-b939-ef03ec0bc863','1','0','0','2','','','','','0','0','0');
        
DEBUG 2023-10-05 10:48:02,636 - total=122
DEBUG 2023-10-05 10:48:07,831 - 
        INSERT into public.researcher_production (researcher_id ,articles,book_chapters,book,work_in_event,great_area,area_specialty,city,organ,patent,software,brand) 
        values('40da8c68-6288-480a-bf33-aa36161e54ba','5','1','1','4','','','','','0','3','0');
        
DEBUG 2023-10-05 10:48:08,616 - total=123
DEBUG 2023-10-05 10:48:13,403 - 
        INSERT into public.researcher_production (researcher_id ,articles,book_chapters,book,work_in_event,great_area,area_specialty,city,organ,patent,software,brand) 
        values('33eb906b-a7ed-4917-904c-4812050f561d','152','5','1','35','','','','','0','2','0');
        
DEBUG 2023-10-05 10:48:14,435 - total=124
DEBUG 2023-10-05 10:48:19,359 - 
        INSERT into public.researcher_production (researcher_id ,articles,book_chapters,book,work_in_event,great_area,area_specialty,city,organ,patent,software,brand) 
        values('22508054-4b2e-4b79-a56c-cdf80a783059','6','9','0','22','','','','','0','0','0');
        
DEBUG 2023-10-05 10:48:20,126 - total=125
DEBUG 2023-10-05 10:48:24,993 - 
        INSERT into public.researcher_production (researcher_id ,articles,book_chapters,book,work_in_event,great_area,area_specialty,city,organ,patent,software,brand) 
        values('626e6b50-1028-49c9-be06-f88737c58ee1','14','5','2','14','','','','','0','0','0');
        
DEBUG 2023-10-05 10:48:25,784 - total=126
DEBUG 2023-10-05 10:48:30,381 - 
        INSERT into public.researcher_production (researcher_id ,articles,book_chapters,book,work_in_event,great_area,area_specialty,city,organ,patent,software,brand) 
        values('660ea35a-892c-47f9-95f1-6852a7702ab8','7','2','1','24','','','','','0','9','0');
        
DEBUG 2023-10-05 10:48:31,109 - total=127
DEBUG 2023-10-05 10:48:36,637 - 
        INSERT into public.researcher_production (researcher_id ,articles,book_chapters,book,work_in_event,great_area,area_specialty,city,organ,patent,software,brand) 
        values('4ba0b220-4551-4dc9-97c4-46801d9a9cd8','1','0','0','9','','','','','6','0','0');
        
DEBUG 2023-10-05 10:48:37,712 - total=128
DEBUG 2023-10-05 10:48:42,305 - 
        INSERT into public.researcher_production (researcher_id ,articles,book_chapters,book,work_in_event,great_area,area_specialty,city,organ,patent,software,brand) 
        values('54b425dd-88b2-4afc-b0d2-e72a6c847c62','23','2','1','36','','','','','4','0','0');
        
DEBUG 2023-10-05 10:48:43,081 - total=129
DEBUG 2023-10-05 10:48:47,575 - 
        INSERT into public.researcher_production (researcher_id ,articles,book_chapters,book,work_in_event,great_area,area_specialty,city,organ,patent,software,brand) 
        values('192d382a-2b35-489e-8a4c-3fd2e24ad45b','12','5','6','64','','','','','0','0','0');
        
DEBUG 2023-10-05 10:48:48,322 - total=130
DEBUG 2023-10-05 10:48:52,769 - 
        INSERT into public.researcher_production (researcher_id ,articles,book_chapters,book,work_in_event,great_area,area_specialty,city,organ,patent,software,brand) 
        values('a18789b3-6133-431d-88d7-7f1e863d2deb','24','1','3','54','','','','','1','0','0');
        
DEBUG 2023-10-05 10:48:53,572 - total=131
DEBUG 2023-10-05 10:48:58,078 - 
        INSERT into public.researcher_production (researcher_id ,articles,book_chapters,book,work_in_event,great_area,area_specialty,city,organ,patent,software,brand) 
        values('339a663e-794a-484b-8614-3e98f3fdb190','17','2','0','47','','','','','0','0','1');
        
DEBUG 2023-10-05 10:48:58,858 - total=132
DEBUG 2023-10-05 10:49:03,318 - 
        INSERT into public.researcher_production (researcher_id ,articles,book_chapters,book,work_in_event,great_area,area_specialty,city,organ,patent,software,brand) 
        values('6e77ec2c-5036-4f27-8b13-4218b71dbb0c','3','0','0','1','','','','','0','0','0');
        
DEBUG 2023-10-05 10:49:04,061 - total=133
DEBUG 2023-10-05 10:49:08,558 - 
        INSERT into public.researcher_production (researcher_id ,articles,book_chapters,book,work_in_event,great_area,area_specialty,city,organ,patent,software,brand) 
        values('b579e1e1-7aca-47ad-839f-726e78306be3','281','0','5','24','CIENCIAS_EXATAS_E_DA_TERRA ','Separação | Química ; Quimiometria | Química ; Química De Alimentos | Química ; Métodos Óticos De Análise | Química ','Salvador','Instituto de Química','1','0','0');
        
DEBUG 2023-10-05 10:49:09,289 - total=134
DEBUG 2023-10-05 10:49:13,770 - 
        INSERT into public.researcher_production (researcher_id ,articles,book_chapters,book,work_in_event,great_area,area_specialty,city,organ,patent,software,brand) 
        values('703dfb9f-6d9c-4f14-8d96-a0407eff0bb9','24','5','0','15','','','','','4','0','0');
        
DEBUG 2023-10-05 10:49:14,817 - total=135
DEBUG 2023-10-05 10:49:19,343 - 
        INSERT into public.researcher_production (researcher_id ,articles,book_chapters,book,work_in_event,great_area,area_specialty,city,organ,patent,software,brand) 
        values('8014ecb3-8a14-4d69-ad3c-f0475c016f60','34','7','6','139','','','','','0','33','0');
        
DEBUG 2023-10-05 10:49:20,133 - total=136
DEBUG 2023-10-05 10:49:24,970 - 
        INSERT into public.researcher_production (researcher_id ,articles,book_chapters,book,work_in_event,great_area,area_specialty,city,organ,patent,software,brand) 
        values('fd532696-5ba8-4063-80a8-c7f230e35192','59','27','7','43','','','','','0','8','0');
        
DEBUG 2023-10-05 10:49:25,727 - total=137
DEBUG 2023-10-05 10:49:30,385 - 
        INSERT into public.researcher_production (researcher_id ,articles,book_chapters,book,work_in_event,great_area,area_specialty,city,organ,patent,software,brand) 
        values('21395499-44ab-4e00-a382-3408f9c957a0','111','76','22','245','','','','','0','0','0');
        
DEBUG 2023-10-05 10:49:31,157 - total=138
DEBUG 2023-10-05 10:49:35,740 - 
        INSERT into public.researcher_production (researcher_id ,articles,book_chapters,book,work_in_event,great_area,area_specialty,city,organ,patent,software,brand) 
        values('42394c01-797a-48a2-b561-f6a61acc2f4c','62','0','0','62','','','','','0','0','0');
        
DEBUG 2023-10-05 10:49:36,528 - total=139
DEBUG 2023-10-05 10:49:41,168 - 
        INSERT into public.researcher_production (researcher_id ,articles,book_chapters,book,work_in_event,great_area,area_specialty,city,organ,patent,software,brand) 
        values('02e48cb3-51aa-4d78-9229-6e9c0ed7c79c','146','9','2','207','','','','','0','3','0');
        
DEBUG 2023-10-05 10:49:41,930 - total=140
DEBUG 2023-10-05 10:49:46,551 - 
        INSERT into public.researcher_production (researcher_id ,articles,book_chapters,book,work_in_event,great_area,area_specialty,city,organ,patent,software,brand) 
        values('a09243c8-27be-4b18-a1db-c5e4bc2748c3','34','10','7','15','','','','','0','43','0');
        
DEBUG 2023-10-05 10:49:47,278 - total=141
DEBUG 2023-10-05 10:49:51,907 - 
        INSERT into public.researcher_production (researcher_id ,articles,book_chapters,book,work_in_event,great_area,area_specialty,city,organ,patent,software,brand) 
        values('75e9365e-d655-4a73-9bd0-5ad4ed969244','16','3','0','62','','','','','0','0','0');
        
DEBUG 2023-10-05 10:49:52,649 - total=142
DEBUG 2023-10-05 10:49:57,378 - 
        INSERT into public.researcher_production (researcher_id ,articles,book_chapters,book,work_in_event,great_area,area_specialty,city,organ,patent,software,brand) 
        values('b4f666f3-d4cd-40f3-b189-e3ff60341a3a','16','10','9','17','','','','','0','0','0');
        
DEBUG 2023-10-05 10:49:58,110 - total=143
DEBUG 2023-10-05 10:50:02,891 - 
        INSERT into public.researcher_production (researcher_id ,articles,book_chapters,book,work_in_event,great_area,area_specialty,city,organ,patent,software,brand) 
        values('9242b02d-628c-43a4-9e50-6c9324d13ae8','22','2','1','30','','','','','0','0','0');
        
DEBUG 2023-10-05 10:50:03,661 - total=144
DEBUG 2023-10-05 10:50:08,204 - 
        INSERT into public.researcher_production (researcher_id ,articles,book_chapters,book,work_in_event,great_area,area_specialty,city,organ,patent,software,brand) 
        values('370fd82e-9301-4a5a-976c-56cf816e94c3','25','9','18','42','','','','','3','3','0');
        
DEBUG 2023-10-05 10:50:08,931 - total=145
DEBUG 2023-10-05 10:50:13,381 - 
        INSERT into public.researcher_production (researcher_id ,articles,book_chapters,book,work_in_event,great_area,area_specialty,city,organ,patent,software,brand) 
        values('2d803355-ae95-45e5-955a-027cfba6671e','141','10','0','199','','','','','24','0','0');
        
DEBUG 2023-10-05 10:50:14,106 - total=146
DEBUG 2023-10-05 10:50:18,567 - 
        INSERT into public.researcher_production (researcher_id ,articles,book_chapters,book,work_in_event,great_area,area_specialty,city,organ,patent,software,brand) 
        values('bb3f205d-1bbe-4dcc-a0cf-5e09939ec3da','17','7','14','57','','','','','0','1','0');
        
DEBUG 2023-10-05 10:50:19,348 - total=147
DEBUG 2023-10-05 10:50:25,032 - 
        INSERT into public.researcher_production (researcher_id ,articles,book_chapters,book,work_in_event,great_area,area_specialty,city,organ,patent,software,brand) 
        values('c0f610c5-c24c-45ae-a418-aba41fd77a55','0','6','2','192','','','','','47','1','0');
        
DEBUG 2023-10-05 10:50:26,044 - total=148
DEBUG 2023-10-05 10:50:30,858 - 
        INSERT into public.researcher_production (researcher_id ,articles,book_chapters,book,work_in_event,great_area,area_specialty,city,organ,patent,software,brand) 
        values('3fec55ea-32a1-4e34-b142-a99b9c0662da','147','1','1','223','','','','','0','0','0');
        
DEBUG 2023-10-05 10:50:31,907 - total=149
DEBUG 2023-10-05 10:50:36,819 - 
        INSERT into public.researcher_production (researcher_id ,articles,book_chapters,book,work_in_event,great_area,area_specialty,city,organ,patent,software,brand) 
        values('9a53a06e-aff2-4e5e-a631-27769b763f60','0','0','0','0','','','','','0','0','0');
        
DEBUG 2023-10-05 10:50:37,567 - total=150
DEBUG 2023-10-05 10:50:42,147 - 
        INSERT into public.researcher_production (researcher_id ,articles,book_chapters,book,work_in_event,great_area,area_specialty,city,organ,patent,software,brand) 
        values('999a50b0-5372-44ce-876b-caf2d9e4fa0e','42','12','2','106','','','','','0','0','0');
        
DEBUG 2023-10-05 10:50:42,888 - total=151
DEBUG 2023-10-05 10:50:48,027 - 
        INSERT into public.researcher_production (researcher_id ,articles,book_chapters,book,work_in_event,great_area,area_specialty,city,organ,patent,software,brand) 
        values('c8a17189-51c9-472b-a431-6edbf7b94b22','23','4','5','79','','','','','5','0','0');
        
DEBUG 2023-10-05 10:50:48,787 - total=152
DEBUG 2023-10-05 10:50:54,298 - 
        INSERT into public.researcher_production (researcher_id ,articles,book_chapters,book,work_in_event,great_area,area_specialty,city,organ,patent,software,brand) 
        values('678ee8e7-c468-4f9e-9e90-9681f9fd579c','2','1','2','4','','','','','0','1','0');
        
DEBUG 2023-10-05 10:50:55,079 - total=153
DEBUG 2023-10-05 10:50:59,631 - 
        INSERT into public.researcher_production (researcher_id ,articles,book_chapters,book,work_in_event,great_area,area_specialty,city,organ,patent,software,brand) 
        values('8c164a19-35d3-4f70-83ec-fb3b99278248','68','8','0','152','','','','','1','0','0');
        
DEBUG 2023-10-05 10:51:00,367 - total=154
DEBUG 2023-10-05 10:51:06,875 - 
        INSERT into public.researcher_production (researcher_id ,articles,book_chapters,book,work_in_event,great_area,area_specialty,city,organ,patent,software,brand) 
        values('2d6cba8d-d3a6-4761-ad80-627837de3367','29','2','0','42','','','','','1','0','0');
        
DEBUG 2023-10-05 10:51:07,589 - total=155
DEBUG 2023-10-05 10:51:13,385 - 
        INSERT into public.researcher_production (researcher_id ,articles,book_chapters,book,work_in_event,great_area,area_specialty,city,organ,patent,software,brand) 
        values('4fe960ac-de4a-4915-8a0b-1fd523d9b731','1','0','0','4','','','','','0','0','0');
        
DEBUG 2023-10-05 10:51:14,158 - total=156
DEBUG 2023-10-05 10:51:18,967 - 
        INSERT into public.researcher_production (researcher_id ,articles,book_chapters,book,work_in_event,great_area,area_specialty,city,organ,patent,software,brand) 
        values('3ebbdbe5-278b-409a-be77-56940fd19063','12','3','0','19','','','','','0','0','0');
        
DEBUG 2023-10-05 10:51:19,745 - total=157
DEBUG 2023-10-05 10:51:24,553 - 
        INSERT into public.researcher_production (researcher_id ,articles,book_chapters,book,work_in_event,great_area,area_specialty,city,organ,patent,software,brand) 
        values('a307ff10-dc4c-4a7c-bfb6-48b6db1ff09a','77','3','0','86','','','','','2','0','0');
        
DEBUG 2023-10-05 10:51:25,284 - total=158
DEBUG 2023-10-05 10:51:29,814 - 
        INSERT into public.researcher_production (researcher_id ,articles,book_chapters,book,work_in_event,great_area,area_specialty,city,organ,patent,software,brand) 
        values('ff6dd4ae-1ae0-42f2-b267-7f0a39f81be1','18','5','3','28','','','','','0','1','0');
        
DEBUG 2023-10-05 10:51:31,571 - total=159
DEBUG 2023-10-05 10:51:36,181 - 
        INSERT into public.researcher_production (researcher_id ,articles,book_chapters,book,work_in_event,great_area,area_specialty,city,organ,patent,software,brand) 
        values('814f021f-0a03-4cf3-b9b1-6e1fb8b6f373','38','12','3','68','','','','','0','2','0');
        
DEBUG 2023-10-05 10:51:36,918 - total=160
DEBUG 2023-10-05 10:51:41,473 - 
        INSERT into public.researcher_production (researcher_id ,articles,book_chapters,book,work_in_event,great_area,area_specialty,city,organ,patent,software,brand) 
        values('ba06bed8-17f2-4889-b71e-70906f2cbbd6','5','3','3','21','','','','','0','6','0');
        
DEBUG 2023-10-05 10:51:42,199 - total=161
DEBUG 2023-10-05 10:51:46,685 - 
        INSERT into public.researcher_production (researcher_id ,articles,book_chapters,book,work_in_event,great_area,area_specialty,city,organ,patent,software,brand) 
        values('8a81f2cd-9083-4e4c-8727-4d9fe610a366','36','5','0','51','','','','','0','0','0');
        
DEBUG 2023-10-05 10:51:47,422 - total=162
DEBUG 2023-10-05 10:51:52,057 - 
        INSERT into public.researcher_production (researcher_id ,articles,book_chapters,book,work_in_event,great_area,area_specialty,city,organ,patent,software,brand) 
        values('c9aad719-8f8d-41d1-ab6b-a951163bcaea','21','2','1','44','','','','','0','0','0');
        
DEBUG 2023-10-05 10:51:52,814 - total=163
DEBUG 2023-10-05 10:51:57,297 - 
        INSERT into public.researcher_production (researcher_id ,articles,book_chapters,book,work_in_event,great_area,area_specialty,city,organ,patent,software,brand) 
        values('44ea5b76-11f8-44a1-b1a6-eaaaab79355c','20','10','22','13','','','','','0','0','0');
        
DEBUG 2023-10-05 10:51:58,085 - total=164
DEBUG 2023-10-05 10:52:02,601 - 
        INSERT into public.researcher_production (researcher_id ,articles,book_chapters,book,work_in_event,great_area,area_specialty,city,organ,patent,software,brand) 
        values('df556148-646d-4903-a7f0-6b85df3da3ce','28','1','0','21','','','','','1','0','0');
        
DEBUG 2023-10-05 10:52:03,356 - total=165
DEBUG 2023-10-05 10:52:07,907 - 
        INSERT into public.researcher_production (researcher_id ,articles,book_chapters,book,work_in_event,great_area,area_specialty,city,organ,patent,software,brand) 
        values('0b79ea1b-0a3d-4cc4-a1e2-117749322cda','0','0','0','0','','','','','0','0','0');
        
DEBUG 2023-10-05 10:52:08,642 - total=166
DEBUG 2023-10-05 10:52:13,535 - 
        INSERT into public.researcher_production (researcher_id ,articles,book_chapters,book,work_in_event,great_area,area_specialty,city,organ,patent,software,brand) 
        values('83540b49-d994-4f85-bcc5-4514a5bf5e38','3','2','0','6','','','','','0','0','0');
        
DEBUG 2023-10-05 10:52:14,386 - total=167
DEBUG 2023-10-05 10:52:18,844 - 
        INSERT into public.researcher_production (researcher_id ,articles,book_chapters,book,work_in_event,great_area,area_specialty,city,organ,patent,software,brand) 
        values('4d5d3dd4-4add-482f-a10d-8db6150429c3','105','21','2','165','','','','','2','1','1');
        
DEBUG 2023-10-05 10:52:19,648 - total=168
DEBUG 2023-10-05 10:52:24,267 - 
        INSERT into public.researcher_production (researcher_id ,articles,book_chapters,book,work_in_event,great_area,area_specialty,city,organ,patent,software,brand) 
        values('a0954dac-a5be-42ad-804d-30186ef9ecc1','24','10','1','74','','','','','0','1','0');
        
DEBUG 2023-10-05 10:52:24,978 - total=169
DEBUG 2023-10-05 10:52:29,596 - 
        INSERT into public.researcher_production (researcher_id ,articles,book_chapters,book,work_in_event,great_area,area_specialty,city,organ,patent,software,brand) 
        values('41fa89f9-1081-4462-9b08-920c1b12bd17','289','6','1','212','','','','','2','2','0');
        
DEBUG 2023-10-05 10:52:30,333 - total=170
DEBUG 2023-10-05 10:52:35,001 - 
        INSERT into public.researcher_production (researcher_id ,articles,book_chapters,book,work_in_event,great_area,area_specialty,city,organ,patent,software,brand) 
        values('388a24bd-39b3-4e78-af2d-98dabbde5163','2','0','0','25','','','','','0','0','0');
        
DEBUG 2023-10-05 10:52:35,733 - total=171
DEBUG 2023-10-05 10:52:40,283 - 
        INSERT into public.researcher_production (researcher_id ,articles,book_chapters,book,work_in_event,great_area,area_specialty,city,organ,patent,software,brand) 
        values('0e325677-9357-46a1-9c7b-8fe0a4e4bedc','42','19','9','42','','','','','18','31','1');
        
DEBUG 2023-10-05 10:52:41,020 - total=172
DEBUG 2023-10-05 10:52:46,705 - 
        INSERT into public.researcher_production (researcher_id ,articles,book_chapters,book,work_in_event,great_area,area_specialty,city,organ,patent,software,brand) 
        values('51933ce1-987f-469f-bb96-808d5e023e42','0','0','0','0','','','','','0','0','0');
        
DEBUG 2023-10-05 10:52:47,690 - total=173
DEBUG 2023-10-05 10:52:52,510 - 
        INSERT into public.researcher_production (researcher_id ,articles,book_chapters,book,work_in_event,great_area,area_specialty,city,organ,patent,software,brand) 
        values('182fad3b-51ce-42a3-86f5-e6bbfb8861c2','31','0','0','80','','','','','7','0','0');
        
DEBUG 2023-10-05 10:52:53,379 - total=174
DEBUG 2023-10-05 10:52:58,136 - 
        INSERT into public.researcher_production (researcher_id ,articles,book_chapters,book,work_in_event,great_area,area_specialty,city,organ,patent,software,brand) 
        values('0c24e6f7-4259-402c-a473-9cefafcaa7eb','3','0','0','16','','','','','0','0','0');
        
DEBUG 2023-10-05 10:52:59,178 - total=175
DEBUG 2023-10-05 10:53:03,726 - 
        INSERT into public.researcher_production (researcher_id ,articles,book_chapters,book,work_in_event,great_area,area_specialty,city,organ,patent,software,brand) 
        values('f69915b3-0a09-4298-8728-6661626132a8','36','19','2','64','','','','','6','14','0');
        
DEBUG 2023-10-05 10:53:04,530 - total=176
DEBUG 2023-10-05 10:53:08,935 - 
        INSERT into public.researcher_production (researcher_id ,articles,book_chapters,book,work_in_event,great_area,area_specialty,city,organ,patent,software,brand) 
        values('4b78324d-46ca-465c-8bb1-9b21e6a08fdd','49','3','0','51','','','','','4','4','0');
        
DEBUG 2023-10-05 10:53:09,673 - total=177
DEBUG 2023-10-05 10:53:14,194 - 
        INSERT into public.researcher_production (researcher_id ,articles,book_chapters,book,work_in_event,great_area,area_specialty,city,organ,patent,software,brand) 
        values('887515e0-73dd-4656-9d6f-3e71c23d8a52','272','7','8','125','','','','','6','0','0');
        
DEBUG 2023-10-05 10:53:14,906 - total=178
DEBUG 2023-10-05 10:53:19,361 - 
        INSERT into public.researcher_production (researcher_id ,articles,book_chapters,book,work_in_event,great_area,area_specialty,city,organ,patent,software,brand) 
        values('3487dd6c-3d43-4985-ad7a-594365850075','16','0','1','32','','','','','2','2','0');
        
DEBUG 2023-10-05 10:53:20,085 - total=179
DEBUG 2023-10-05 10:53:24,570 - 
        INSERT into public.researcher_production (researcher_id ,articles,book_chapters,book,work_in_event,great_area,area_specialty,city,organ,patent,software,brand) 
        values('3eb8aa1f-abd9-4d11-9b0a-ff7ea3b0c50b','24','6','0','144','','','','','3','0','0');
        
DEBUG 2023-10-05 10:53:25,302 - total=180
DEBUG 2023-10-05 10:53:29,850 - 
        INSERT into public.researcher_production (researcher_id ,articles,book_chapters,book,work_in_event,great_area,area_specialty,city,organ,patent,software,brand) 
        values('89e23302-61ea-4f84-bc0b-d2909d8ffee8','51','2','1','122','','','','','4','0','0');
        
